{"/home/travis/build/npmtest/node-npmtest-html-webpack-plugin/test.js":{"path":"/home/travis/build/npmtest/node-npmtest-html-webpack-plugin/test.js","s":{"1":2,"2":2,"3":2,"4":2,"5":2,"6":2,"7":2,"8":1,"9":2,"10":2,"11":1,"12":1,"13":1,"14":1,"15":2,"16":2,"17":2,"18":2,"19":1,"20":1,"21":2,"22":2,"23":2,"24":1,"25":1,"26":1,"27":1,"28":1,"29":1,"30":1,"31":1,"32":1,"33":1,"34":1,"35":1,"36":1,"37":1,"38":1,"39":2,"40":2,"41":1,"42":2,"43":2,"44":1,"45":2,"46":2,"47":1,"48":2,"49":2,"50":1,"51":1,"52":1,"53":1,"54":1},"b":{"1":[2,1,1,1],"2":[1,1,1,1],"3":[1,1],"4":[1,1],"5":[1,1],"6":[1,1],"7":[1,1],"8":[1,1],"9":[1,1],"10":[1,1,1],"11":[1,1],"12":[1,1],"13":[1,1],"14":[1,1],"15":[1,1],"16":[1,1],"17":[1,1]},"f":{"1":2,"2":2,"3":2,"4":2,"5":2,"6":1,"7":1,"8":1,"9":2,"10":2,"11":2,"12":2,"13":1},"fnMap":{"1":{"name":"(anonymous_1)","line":12,"loc":{"start":{"line":12,"column":1},"end":{"line":12,"column":13}}},"2":{"name":"(anonymous_2)","line":19,"loc":{"start":{"line":19,"column":5},"end":{"line":19,"column":17}}},"3":{"name":"(anonymous_3)","line":23,"loc":{"start":{"line":23,"column":24},"end":{"line":23,"column":36}}},"4":{"name":"(anonymous_4)","line":61,"loc":{"start":{"line":61,"column":5},"end":{"line":61,"column":17}}},"5":{"name":"(anonymous_5)","line":82,"loc":{"start":{"line":82,"column":5},"end":{"line":82,"column":17}}},"6":{"name":"(anonymous_6)","line":91,"loc":{"start":{"line":91,"column":77},"end":{"line":94,"column":10}}},"7":{"name":"(anonymous_7)","line":112,"loc":{"start":{"line":112,"column":83},"end":{"line":115,"column":10}},"skip":true},"8":{"name":"(anonymous_8)","line":123,"loc":{"start":{"line":123,"column":77},"end":{"line":126,"column":10}},"skip":true},"9":{"name":"(anonymous_9)","line":139,"loc":{"start":{"line":139,"column":12},"end":{"line":139,"column":40}},"skip":true},"10":{"name":"(anonymous_10)","line":147,"loc":{"start":{"line":147,"column":77},"end":{"line":150,"column":10}},"skip":true},"11":{"name":"(anonymous_11)","line":158,"loc":{"start":{"line":158,"column":83},"end":{"line":161,"column":10}},"skip":true},"12":{"name":"(anonymous_12)","line":169,"loc":{"start":{"line":169,"column":79},"end":{"line":172,"column":10}},"skip":true},"13":{"name":"(anonymous_13)","line":180,"loc":{"start":{"line":180,"column":75},"end":{"line":183,"column":10}},"skip":true}},"statementMap":{"1":{"start":{"line":12,"column":0},"end":{"line":195,"column":5}},"2":{"start":{"line":14,"column":4},"end":{"line":14,"column":14}},"3":{"start":{"line":19,"column":4},"end":{"line":56,"column":9}},"4":{"start":{"line":21,"column":8},"end":{"line":21,"column":19}},"5":{"start":{"line":23,"column":8},"end":{"line":35,"column":13}},"6":{"start":{"line":24,"column":12},"end":{"line":34,"column":13}},"7":{"start":{"line":25,"column":16},"end":{"line":28,"column":30}},"8":{"start":{"line":30,"column":16},"end":{"line":33,"column":27}},"9":{"start":{"line":37,"column":8},"end":{"line":39,"column":21}},"10":{"start":{"line":40,"column":8},"end":{"line":53,"column":9}},"11":{"start":{"line":43,"column":12},"end":{"line":46,"column":14}},"12":{"start":{"line":47,"column":12},"end":{"line":47,"column":18}},"13":{"start":{"line":50,"column":12},"end":{"line":51,"column":33}},"14":{"start":{"line":52,"column":12},"end":{"line":52,"column":18}},"15":{"start":{"line":55,"column":8},"end":{"line":55,"column":35}},"16":{"start":{"line":61,"column":4},"end":{"line":63,"column":9}},"17":{"start":{"line":62,"column":8},"end":{"line":62,"column":15}},"18":{"start":{"line":64,"column":4},"end":{"line":77,"column":5}},"19":{"start":{"line":70,"column":8},"end":{"line":70,"column":14}},"20":{"start":{"line":76,"column":8},"end":{"line":76,"column":14}},"21":{"start":{"line":82,"column":4},"end":{"line":84,"column":9}},"22":{"start":{"line":83,"column":8},"end":{"line":83,"column":15}},"23":{"start":{"line":85,"column":4},"end":{"line":194,"column":5}},"24":{"start":{"line":91,"column":8},"end":{"line":99,"column":10}},"25":{"start":{"line":98,"column":12},"end":{"line":98,"column":35}},"26":{"start":{"line":102,"column":8},"end":{"line":104,"column":63}},"27":{"start":{"line":105,"column":8},"end":{"line":105,"column":14}},"28":{"start":{"line":112,"column":8},"end":{"line":121,"column":10},"skip":true},"29":{"start":{"line":119,"column":12},"end":{"line":119,"column":55},"skip":true},"30":{"start":{"line":120,"column":12},"end":{"line":120,"column":48},"skip":true},"31":{"start":{"line":123,"column":8},"end":{"line":136,"column":10},"skip":true},"32":{"start":{"line":130,"column":12},"end":{"line":130,"column":76},"skip":true},"33":{"start":{"line":131,"column":12},"end":{"line":131,"column":73},"skip":true},"34":{"start":{"line":132,"column":12},"end":{"line":132,"column":74},"skip":true},"35":{"start":{"line":133,"column":12},"end":{"line":133,"column":79},"skip":true},"36":{"start":{"line":134,"column":12},"end":{"line":134,"column":25},"skip":true},"37":{"start":{"line":135,"column":12},"end":{"line":135,"column":45},"skip":true},"38":{"start":{"line":138,"column":8},"end":{"line":145,"column":14},"skip":true},"39":{"start":{"line":143,"column":16},"end":{"line":143,"column":29},"skip":true},"40":{"start":{"line":144,"column":16},"end":{"line":144,"column":55},"skip":true},"41":{"start":{"line":147,"column":8},"end":{"line":156,"column":10},"skip":true},"42":{"start":{"line":154,"column":12},"end":{"line":154,"column":25},"skip":true},"43":{"start":{"line":155,"column":12},"end":{"line":155,"column":45},"skip":true},"44":{"start":{"line":158,"column":8},"end":{"line":167,"column":10},"skip":true},"45":{"start":{"line":165,"column":12},"end":{"line":165,"column":25},"skip":true},"46":{"start":{"line":166,"column":12},"end":{"line":166,"column":48},"skip":true},"47":{"start":{"line":169,"column":8},"end":{"line":178,"column":10},"skip":true},"48":{"start":{"line":176,"column":12},"end":{"line":176,"column":25},"skip":true},"49":{"start":{"line":177,"column":12},"end":{"line":177,"column":46},"skip":true},"50":{"start":{"line":180,"column":8},"end":{"line":189,"column":10},"skip":true},"51":{"start":{"line":187,"column":12},"end":{"line":187,"column":94},"skip":true},"52":{"start":{"line":188,"column":12},"end":{"line":188,"column":48},"skip":true},"53":{"start":{"line":192,"column":8},"end":{"line":192,"column":35},"skip":true},"54":{"start":{"line":193,"column":8},"end":{"line":193,"column":14},"skip":true}},"branchMap":{"1":{"line":25,"type":"binary-expr","locations":[{"start":{"line":25,"column":23},"end":{"line":25,"column":62}},{"start":{"line":26,"column":20},"end":{"line":26,"column":70}},{"start":{"line":27,"column":20},"end":{"line":27,"column":71}},{"start":{"line":28,"column":20},"end":{"line":28,"column":29}}]},"2":{"line":30,"type":"binary-expr","locations":[{"start":{"line":30,"column":23},"end":{"line":30,"column":37}},{"start":{"line":31,"column":20},"end":{"line":31,"column":61}},{"start":{"line":32,"column":20},"end":{"line":32,"column":70}},{"start":{"line":33,"column":20},"end":{"line":33,"column":26}}]},"3":{"line":37,"type":"cond-expr","locations":[{"start":{"line":38,"column":14},"end":{"line":38,"column":20}},{"start":{"line":39,"column":14},"end":{"line":39,"column":20}}]},"4":{"line":40,"type":"switch","locations":[{"start":{"line":42,"column":8},"end":{"line":47,"column":18}},{"start":{"line":49,"column":8},"end":{"line":52,"column":18}}]},"5":{"line":44,"type":"binary-expr","locations":[{"start":{"line":44,"column":16},"end":{"line":44,"column":44}},{"start":{"line":44,"column":48},"end":{"line":44,"column":66}}]},"6":{"line":50,"type":"binary-expr","locations":[{"start":{"line":50,"column":21},"end":{"line":50,"column":49}},{"start":{"line":50,"column":53},"end":{"line":50,"column":72}}]},"7":{"line":64,"type":"switch","locations":[{"start":{"line":69,"column":4},"end":{"line":70,"column":14}},{"start":{"line":75,"column":4},"end":{"line":76,"column":14}}]},"8":{"line":85,"type":"switch","locations":[{"start":{"line":90,"column":4},"end":{"line":105,"column":14}},{"start":{"line":111,"column":4},"end":{"line":193,"column":14},"skip":true}]},"9":{"line":91,"type":"binary-expr","locations":[{"start":{"line":91,"column":42},"end":{"line":91,"column":73}},{"start":{"line":91,"column":77},"end":{"line":99,"column":9}}]},"10":{"line":102,"type":"binary-expr","locations":[{"start":{"line":102,"column":18},"end":{"line":102,"column":32}},{"start":{"line":103,"column":12},"end":{"line":103,"column":53}},{"start":{"line":104,"column":12},"end":{"line":104,"column":61}}]},"11":{"line":112,"type":"binary-expr","locations":[{"start":{"line":112,"column":45},"end":{"line":112,"column":79},"skip":true},{"start":{"line":112,"column":83},"end":{"line":121,"column":9},"skip":true}]},"12":{"line":123,"type":"binary-expr","locations":[{"start":{"line":123,"column":42},"end":{"line":123,"column":73},"skip":true},{"start":{"line":123,"column":77},"end":{"line":136,"column":9},"skip":true}]},"13":{"line":138,"type":"binary-expr","locations":[{"start":{"line":138,"column":48},"end":{"line":138,"column":85},"skip":true},{"start":{"line":139,"column":12},"end":{"line":145,"column":13},"skip":true}]},"14":{"line":147,"type":"binary-expr","locations":[{"start":{"line":147,"column":42},"end":{"line":147,"column":73},"skip":true},{"start":{"line":147,"column":77},"end":{"line":156,"column":9},"skip":true}]},"15":{"line":158,"type":"binary-expr","locations":[{"start":{"line":158,"column":45},"end":{"line":158,"column":79},"skip":true},{"start":{"line":158,"column":83},"end":{"line":167,"column":9},"skip":true}]},"16":{"line":169,"type":"binary-expr","locations":[{"start":{"line":169,"column":43},"end":{"line":169,"column":75},"skip":true},{"start":{"line":169,"column":79},"end":{"line":178,"column":9},"skip":true}]},"17":{"line":180,"type":"binary-expr","locations":[{"start":{"line":180,"column":41},"end":{"line":180,"column":71},"skip":true},{"start":{"line":180,"column":75},"end":{"line":189,"column":9},"skip":true}]}},"code":["/* istanbul instrument in package npmtest_html_webpack_plugin */","/*jslint","    bitwise: true,","    browser: true,","    maxerr: 8,","    maxlen: 96,","    node: true,","    nomen: true,","    regexp: true,","    stupid: true","*/","(function () {","    'use strict';","    var local;","","","","    // run shared js-env code - init-before","    (function () {","        // init local","        local = {};","        // init modeJs","        local.modeJs = (function () {","            try {","                return typeof navigator.userAgent === 'string' &&","                    typeof document.querySelector('body') === 'object' &&","                    typeof XMLHttpRequest.prototype.open === 'function' &&","                    'browser';","            } catch (errorCaughtBrowser) {","                return module.exports &&","                    typeof process.versions.node === 'string' &&","                    typeof require('http').createServer === 'function' &&","                    'node';","            }","        }());","        // init global","        local.global = local.modeJs === 'browser'","            ? window","            : global;","        switch (local.modeJs) {","        // re-init local from window.local","        case 'browser':","            local = local.global.utility2.objectSetDefault(","                local.global.utility2_rollup || local.global.local,","                local.global.utility2","            );","            break;","        // re-init local from example.js","        case 'node':","            local = (local.global.utility2_rollup || require('utility2'))","                .requireReadme();","            break;","        }","        // export local","        local.global.local = local;","    }());","","","","    // run shared js-env code - function","    (function () {","        return;","    }());","    switch (local.modeJs) {","","","","    // run browser js-env code - function","    case 'browser':","        break;","","","","    // run node js-env code - function","    case 'node':","        break;","    }","","","","    // run shared js-env code - init-after","    (function () {","        return;","    }());","    switch (local.modeJs) {","","","","    // run browser js-env code - init-after","    case 'browser':","        local.testCase_browser_nullCase = local.testCase_browser_nullCase || function (","            options,","            onError","        ) {","        /*","         * this function will test browsers's null-case handling-behavior-behavior","         */","            onError(null, options);","        };","","        // run tests","        local.nop(local.modeTest &&","            document.querySelector('#testRunButton1') &&","            document.querySelector('#testRunButton1').click());","        break;","","","","    // run node js-env code - init-after","    /* istanbul ignore next */","    case 'node':","        local.testCase_buildApidoc_default = local.testCase_buildApidoc_default || function (","            options,","            onError","        ) {","        /*","         * this function will test buildApidoc's default handling-behavior-behavior","         */","            options = { modulePathList: module.paths };","            local.buildApidoc(options, onError);","        };","","        local.testCase_buildApp_default = local.testCase_buildApp_default || function (","            options,","            onError","        ) {","        /*","         * this function will test buildApp's default handling-behavior-behavior","         */","            local.testCase_buildReadme_default(options, local.onErrorThrow);","            local.testCase_buildLib_default(options, local.onErrorThrow);","            local.testCase_buildTest_default(options, local.onErrorThrow);","            local.testCase_buildCustomOrg_default(options, local.onErrorThrow);","            options = [];","            local.buildApp(options, onError);","        };","","        local.testCase_buildCustomOrg_default = local.testCase_buildCustomOrg_default ||","            function (options, onError) {","            /*","             * this function will test buildCustomOrg's default handling-behavior","             */","                options = {};","                local.buildCustomOrg(options, onError);","            };","","        local.testCase_buildLib_default = local.testCase_buildLib_default || function (","            options,","            onError","        ) {","        /*","         * this function will test buildLib's default handling-behavior","         */","            options = {};","            local.buildLib(options, onError);","        };","","        local.testCase_buildReadme_default = local.testCase_buildReadme_default || function (","            options,","            onError","        ) {","        /*","         * this function will test buildReadme's default handling-behavior-behavior","         */","            options = {};","            local.buildReadme(options, onError);","        };","","        local.testCase_buildTest_default = local.testCase_buildTest_default || function (","            options,","            onError","        ) {","        /*","         * this function will test buildTest's default handling-behavior","         */","            options = {};","            local.buildTest(options, onError);","        };","","        local.testCase_webpage_default = local.testCase_webpage_default || function (","            options,","            onError","        ) {","        /*","         * this function will test webpage's default handling-behavior","         */","            options = { modeCoverageMerge: true, url: local.serverLocalHost + '?modeTest=1' };","            local.browserTest(options, onError);","        };","","        // run test-server","        local.testRunServer(local);","        break;","    }","}());",""],"l":{"12":2,"14":2,"19":2,"21":2,"23":2,"24":2,"25":2,"30":1,"37":2,"40":2,"43":1,"47":1,"50":1,"52":1,"55":2,"61":2,"62":2,"64":2,"70":1,"76":1,"82":2,"83":2,"85":2,"91":1,"98":1,"102":1,"105":1,"112":1,"119":1,"120":1,"123":1,"130":1,"131":1,"132":1,"133":1,"134":1,"135":1,"138":1,"143":2,"144":2,"147":1,"154":2,"155":2,"158":1,"165":2,"166":2,"169":1,"176":2,"177":2,"180":1,"187":1,"188":1,"192":1,"193":1}},"/home/travis/build/npmtest/node-npmtest-html-webpack-plugin/lib.npmtest_html_webpack_plugin.js":{"path":"/home/travis/build/npmtest/node-npmtest-html-webpack-plugin/lib.npmtest_html_webpack_plugin.js","s":{"1":2,"2":2,"3":2,"4":2,"5":2,"6":2,"7":2,"8":1,"9":2,"10":2,"11":2,"12":2,"13":1,"14":1,"15":1,"16":1},"b":{"1":[2,1,1,1],"2":[1,1,1,1],"3":[1,1],"4":[2,2],"5":[1,1]},"f":{"1":2,"2":2,"3":2},"fnMap":{"1":{"name":"(anonymous_1)","line":12,"loc":{"start":{"line":12,"column":1},"end":{"line":12,"column":13}}},"2":{"name":"(anonymous_2)","line":19,"loc":{"start":{"line":19,"column":5},"end":{"line":19,"column":17}}},"3":{"name":"(anonymous_3)","line":23,"loc":{"start":{"line":23,"column":24},"end":{"line":23,"column":36}}}},"statementMap":{"1":{"start":{"line":12,"column":0},"end":{"line":53,"column":5}},"2":{"start":{"line":14,"column":4},"end":{"line":14,"column":14}},"3":{"start":{"line":19,"column":4},"end":{"line":52,"column":9}},"4":{"start":{"line":21,"column":8},"end":{"line":21,"column":19}},"5":{"start":{"line":23,"column":8},"end":{"line":35,"column":13}},"6":{"start":{"line":24,"column":12},"end":{"line":34,"column":13}},"7":{"start":{"line":25,"column":16},"end":{"line":28,"column":30}},"8":{"start":{"line":30,"column":16},"end":{"line":33,"column":27}},"9":{"start":{"line":37,"column":8},"end":{"line":39,"column":21}},"10":{"start":{"line":41,"column":8},"end":{"line":41,"column":54}},"11":{"start":{"line":43,"column":8},"end":{"line":43,"column":64}},"12":{"start":{"line":45,"column":8},"end":{"line":51,"column":9}},"13":{"start":{"line":46,"column":12},"end":{"line":46,"column":70}},"14":{"start":{"line":48,"column":12},"end":{"line":48,"column":35}},"15":{"start":{"line":49,"column":12},"end":{"line":49,"column":49}},"16":{"start":{"line":50,"column":12},"end":{"line":50,"column":43}}},"branchMap":{"1":{"line":25,"type":"binary-expr","locations":[{"start":{"line":25,"column":23},"end":{"line":25,"column":62}},{"start":{"line":26,"column":20},"end":{"line":26,"column":70}},{"start":{"line":27,"column":20},"end":{"line":27,"column":71}},{"start":{"line":28,"column":20},"end":{"line":28,"column":29}}]},"2":{"line":30,"type":"binary-expr","locations":[{"start":{"line":30,"column":23},"end":{"line":30,"column":37}},{"start":{"line":31,"column":20},"end":{"line":31,"column":61}},{"start":{"line":32,"column":20},"end":{"line":32,"column":70}},{"start":{"line":33,"column":20},"end":{"line":33,"column":26}}]},"3":{"line":37,"type":"cond-expr","locations":[{"start":{"line":38,"column":14},"end":{"line":38,"column":20}},{"start":{"line":39,"column":14},"end":{"line":39,"column":20}}]},"4":{"line":41,"type":"binary-expr","locations":[{"start":{"line":41,"column":16},"end":{"line":41,"column":44}},{"start":{"line":41,"column":48},"end":{"line":41,"column":53}}]},"5":{"line":45,"type":"if","locations":[{"start":{"line":45,"column":8},"end":{"line":45,"column":8}},{"start":{"line":45,"column":8},"end":{"line":45,"column":8}}]}},"code":["/* istanbul instrument in package npmtest_html_webpack_plugin */","/*jslint","    bitwise: true,","    browser: true,","    maxerr: 8,","    maxlen: 96,","    node: true,","    nomen: true,","    regexp: true,","    stupid: true","*/","(function () {","    'use strict';","    var local;","","","","    // run shared js-env code - init-before","    (function () {","        // init local","        local = {};","        // init modeJs","        local.modeJs = (function () {","            try {","                return typeof navigator.userAgent === 'string' &&","                    typeof document.querySelector('body') === 'object' &&","                    typeof XMLHttpRequest.prototype.open === 'function' &&","                    'browser';","            } catch (errorCaughtBrowser) {","                return module.exports &&","                    typeof process.versions.node === 'string' &&","                    typeof require('http').createServer === 'function' &&","                    'node';","            }","        }());","        // init global","        local.global = local.modeJs === 'browser'","            ? window","            : global;","        // init utility2_rollup","        local = local.global.utility2_rollup || local;","        // init lib","        local.local = local.npmtest_html_webpack_plugin = local;","        // init exports","        if (local.modeJs === 'browser') {","            local.global.utility2_npmtest_html_webpack_plugin = local;","        } else {","            module.exports = local;","            module.exports.__dirname = __dirname;","            module.exports.module = module;","        }","    }());","}());",""],"l":{"12":2,"14":2,"19":2,"21":2,"23":2,"24":2,"25":2,"30":1,"37":2,"41":2,"43":2,"45":2,"46":1,"48":1,"49":1,"50":1}},"/home/travis/build/npmtest/node-npmtest-html-webpack-plugin/example.js":{"path":"/home/travis/build/npmtest/node-npmtest-html-webpack-plugin/example.js","s":{"1":2,"2":2,"3":2,"4":2,"5":2,"6":2,"7":2,"8":1,"9":2,"10":2,"11":2,"12":2,"13":1,"14":2,"15":2,"16":2,"17":2,"18":2,"19":0,"20":2,"21":1,"22":1,"23":1,"24":1,"25":1,"26":0,"27":0,"28":1,"29":1,"30":2,"31":0,"32":0,"33":0,"34":1,"35":2,"36":2,"37":3,"38":3,"39":3,"40":3,"41":0,"42":3,"43":3,"44":3,"45":1,"46":3,"47":1,"48":1,"49":1,"50":1,"51":1,"52":1,"53":1,"54":1,"55":1,"56":1,"57":0,"58":1,"59":6,"60":6,"61":1,"62":2,"63":0,"64":2,"65":1,"66":1,"67":0,"68":0,"69":0,"70":0,"71":0,"72":0,"73":0,"74":0,"75":0,"76":0,"77":0,"78":0,"79":0,"80":0,"81":0,"82":0,"83":0},"b":{"1":[2,1,1,1],"2":[1,1,1,1],"3":[1,1],"4":[2,2],"5":[1,1],"6":[1,1],"7":[2,0],"8":[2,1,1,1,1,1],"9":[0,2,0],"10":[1,1],"11":[2,1,1],"12":[1,0],"13":[0,2],"14":[2,0,0,0,0,0,0],"15":[0,3],"16":[3,0],"17":[1,1],"18":[0,1],"19":[1,2,0,2],"20":[1,0],"21":[1,1],"22":[0,0],"23":[0,0],"24":[0,0],"25":[0,0],"26":[0,0],"27":[0,0],"28":[0,0]},"f":{"1":2,"2":2,"3":2,"4":2,"5":2,"6":2,"7":3,"8":3,"9":3,"10":1,"11":6,"12":0},"fnMap":{"1":{"name":"(anonymous_1)","line":26,"loc":{"start":{"line":26,"column":1},"end":{"line":26,"column":13}}},"2":{"name":"(anonymous_2)","line":33,"loc":{"start":{"line":33,"column":5},"end":{"line":33,"column":17}}},"3":{"name":"(anonymous_3)","line":37,"loc":{"start":{"line":37,"column":24},"end":{"line":37,"column":36}}},"4":{"name":"(anonymous_4)","line":69,"loc":{"start":{"line":69,"column":31},"end":{"line":69,"column":48}},"skip":true},"5":{"name":"(anonymous_5)","line":78,"loc":{"start":{"line":78,"column":26},"end":{"line":78,"column":45}},"skip":true},"6":{"name":"(anonymous_6)","line":123,"loc":{"start":{"line":123,"column":33},"end":{"line":123,"column":48}},"skip":true},"7":{"name":"(anonymous_7)","line":125,"loc":{"start":{"line":125,"column":27},"end":{"line":125,"column":39}},"skip":true},"8":{"name":"(anonymous_8)","line":133,"loc":{"start":{"line":133,"column":59},"end":{"line":133,"column":74}},"skip":true},"9":{"name":"(anonymous_9)","line":143,"loc":{"start":{"line":143,"column":45},"end":{"line":143,"column":62}},"skip":true},"10":{"name":"(anonymous_10)","line":144,"loc":{"start":{"line":144,"column":73},"end":{"line":144,"column":92}},"skip":true},"11":{"name":"(anonymous_11)","line":272,"loc":{"start":{"line":272,"column":51},"end":{"line":272,"column":77}},"skip":true},"12":{"name":"(anonymous_12)","line":315,"loc":{"start":{"line":315,"column":32},"end":{"line":315,"column":61}},"skip":true}},"statementMap":{"1":{"start":{"line":26,"column":0},"end":{"line":326,"column":5}},"2":{"start":{"line":28,"column":4},"end":{"line":28,"column":14}},"3":{"start":{"line":33,"column":4},"end":{"line":60,"column":9}},"4":{"start":{"line":35,"column":8},"end":{"line":35,"column":19}},"5":{"start":{"line":37,"column":8},"end":{"line":49,"column":13}},"6":{"start":{"line":38,"column":12},"end":{"line":48,"column":13}},"7":{"start":{"line":39,"column":16},"end":{"line":42,"column":30}},"8":{"start":{"line":44,"column":16},"end":{"line":47,"column":27}},"9":{"start":{"line":51,"column":8},"end":{"line":53,"column":21}},"10":{"start":{"line":55,"column":8},"end":{"line":57,"column":45}},"11":{"start":{"line":59,"column":8},"end":{"line":59,"column":35}},"12":{"start":{"line":61,"column":4},"end":{"line":325,"column":5}},"13":{"start":{"line":69,"column":8},"end":{"line":121,"column":10},"skip":true},"14":{"start":{"line":70,"column":12},"end":{"line":88,"column":13},"skip":true},"15":{"start":{"line":76,"column":16},"end":{"line":87,"column":19},"skip":true},"16":{"start":{"line":79,"column":20},"end":{"line":86,"column":21},"skip":true},"17":{"start":{"line":82,"column":24},"end":{"line":82,"column":43},"skip":true},"18":{"start":{"line":83,"column":24},"end":{"line":83,"column":30},"skip":true},"19":{"start":{"line":85,"column":24},"end":{"line":85,"column":49},"skip":true},"20":{"start":{"line":89,"column":12},"end":{"line":107,"column":13},"skip":true},"21":{"start":{"line":92,"column":16},"end":{"line":102,"column":17},"skip":true},"22":{"start":{"line":93,"column":20},"end":{"line":93,"column":86},"skip":true},"23":{"start":{"line":94,"column":20},"end":{"line":95,"column":45},"skip":true},"24":{"start":{"line":96,"column":20},"end":{"line":96,"column":42},"skip":true},"25":{"start":{"line":97,"column":20},"end":{"line":97,"column":48},"skip":true},"26":{"start":{"line":100,"column":20},"end":{"line":100,"column":85},"skip":true},"27":{"start":{"line":101,"column":20},"end":{"line":101,"column":96},"skip":true},"28":{"start":{"line":103,"column":16},"end":{"line":103,"column":22},"skip":true},"29":{"start":{"line":106,"column":16},"end":{"line":106,"column":22},"skip":true},"30":{"start":{"line":108,"column":12},"end":{"line":120,"column":13},"skip":true},"31":{"start":{"line":114,"column":16},"end":{"line":119,"column":17},"skip":true},"32":{"start":{"line":116,"column":20},"end":{"line":116,"column":78},"skip":true},"33":{"start":{"line":118,"column":20},"end":{"line":118,"column":47},"skip":true},"34":{"start":{"line":123,"column":8},"end":{"line":141,"column":11},"skip":true},"35":{"start":{"line":124,"column":12},"end":{"line":124,"column":54},"skip":true},"36":{"start":{"line":125,"column":12},"end":{"line":140,"column":14},"skip":true},"37":{"start":{"line":126,"column":16},"end":{"line":126,"column":28},"skip":true},"38":{"start":{"line":127,"column":16},"end":{"line":127,"column":69},"skip":true},"39":{"start":{"line":128,"column":16},"end":{"line":128,"column":75},"skip":true},"40":{"start":{"line":129,"column":16},"end":{"line":131,"column":17},"skip":true},"41":{"start":{"line":130,"column":20},"end":{"line":130,"column":27},"skip":true},"42":{"start":{"line":133,"column":16},"end":{"line":137,"column":36},"skip":true},"43":{"start":{"line":134,"column":20},"end":{"line":136,"column":55},"skip":true},"44":{"start":{"line":139,"column":16},"end":{"line":139,"column":57},"skip":true},"45":{"start":{"line":143,"column":8},"end":{"line":147,"column":11},"skip":true},"46":{"start":{"line":144,"column":12},"end":{"line":146,"column":15},"skip":true},"47":{"start":{"line":145,"column":16},"end":{"line":145,"column":70},"skip":true},"48":{"start":{"line":149,"column":8},"end":{"line":149,"column":31},"skip":true},"49":{"start":{"line":150,"column":8},"end":{"line":150,"column":14},"skip":true},"50":{"start":{"line":158,"column":8},"end":{"line":158,"column":31},"skip":true},"51":{"start":{"line":160,"column":8},"end":{"line":160,"column":33},"skip":true},"52":{"start":{"line":161,"column":8},"end":{"line":161,"column":37},"skip":true},"53":{"start":{"line":162,"column":8},"end":{"line":162,"column":35},"skip":true},"54":{"start":{"line":164,"column":8},"end":{"line":164,"column":50},"skip":true},"55":{"start":{"line":166,"column":8},"end":{"line":256,"column":2},"skip":true},"56":{"start":{"line":258,"column":8},"end":{"line":286,"column":9},"skip":true},"57":{"start":{"line":259,"column":12},"end":{"line":269,"column":14},"skip":true},"58":{"start":{"line":271,"column":12},"end":{"line":285,"column":19},"skip":true},"59":{"start":{"line":274,"column":20},"end":{"line":274,"column":35},"skip":true},"60":{"start":{"line":275,"column":20},"end":{"line":284,"column":21},"skip":true},"61":{"start":{"line":277,"column":24},"end":{"line":277,"column":64},"skip":true},"62":{"start":{"line":279,"column":24},"end":{"line":279,"column":40},"skip":true},"63":{"start":{"line":281,"column":24},"end":{"line":281,"column":40},"skip":true},"64":{"start":{"line":283,"column":24},"end":{"line":283,"column":39},"skip":true},"65":{"start":{"line":288,"column":8},"end":{"line":290,"column":9},"skip":true},"66":{"start":{"line":289,"column":12},"end":{"line":289,"column":18},"skip":true},"67":{"start":{"line":291,"column":8},"end":{"line":293,"column":54},"skip":true},"68":{"start":{"line":296,"column":8},"end":{"line":301,"column":37},"skip":true},"69":{"start":{"line":303,"column":8},"end":{"line":303,"column":82},"skip":true},"70":{"start":{"line":306,"column":8},"end":{"line":308,"column":9},"skip":true},"71":{"start":{"line":307,"column":12},"end":{"line":307,"column":82},"skip":true},"72":{"start":{"line":310,"column":8},"end":{"line":312,"column":9},"skip":true},"73":{"start":{"line":311,"column":12},"end":{"line":311,"column":18},"skip":true},"74":{"start":{"line":313,"column":8},"end":{"line":313,"column":54},"skip":true},"75":{"start":{"line":314,"column":8},"end":{"line":314,"column":69},"skip":true},"76":{"start":{"line":315,"column":8},"end":{"line":323,"column":36},"skip":true},"77":{"start":{"line":316,"column":12},"end":{"line":316,"column":61},"skip":true},"78":{"start":{"line":317,"column":12},"end":{"line":320,"column":13},"skip":true},"79":{"start":{"line":318,"column":16},"end":{"line":318,"column":75},"skip":true},"80":{"start":{"line":319,"column":16},"end":{"line":319,"column":23},"skip":true},"81":{"start":{"line":321,"column":12},"end":{"line":321,"column":38},"skip":true},"82":{"start":{"line":322,"column":12},"end":{"line":322,"column":27},"skip":true},"83":{"start":{"line":324,"column":8},"end":{"line":324,"column":14},"skip":true}},"branchMap":{"1":{"line":39,"type":"binary-expr","locations":[{"start":{"line":39,"column":23},"end":{"line":39,"column":62}},{"start":{"line":40,"column":20},"end":{"line":40,"column":70}},{"start":{"line":41,"column":20},"end":{"line":41,"column":71}},{"start":{"line":42,"column":20},"end":{"line":42,"column":29}}]},"2":{"line":44,"type":"binary-expr","locations":[{"start":{"line":44,"column":23},"end":{"line":44,"column":37}},{"start":{"line":45,"column":20},"end":{"line":45,"column":61}},{"start":{"line":46,"column":20},"end":{"line":46,"column":70}},{"start":{"line":47,"column":20},"end":{"line":47,"column":26}}]},"3":{"line":51,"type":"cond-expr","locations":[{"start":{"line":52,"column":14},"end":{"line":52,"column":20}},{"start":{"line":53,"column":14},"end":{"line":53,"column":20}}]},"4":{"line":55,"type":"binary-expr","locations":[{"start":{"line":55,"column":16},"end":{"line":55,"column":44}},{"start":{"line":55,"column":49},"end":{"line":57,"column":43}}]},"5":{"line":55,"type":"cond-expr","locations":[{"start":{"line":56,"column":14},"end":{"line":56,"column":63}},{"start":{"line":57,"column":14},"end":{"line":57,"column":43}}]},"6":{"line":61,"type":"switch","locations":[{"start":{"line":68,"column":4},"end":{"line":150,"column":14},"skip":true},{"start":{"line":156,"column":4},"end":{"line":324,"column":14},"skip":true}]},"7":{"line":70,"type":"if","locations":[{"start":{"line":70,"column":12},"end":{"line":70,"column":12},"skip":true},{"start":{"line":70,"column":12},"end":{"line":70,"column":12},"skip":true}]},"8":{"line":70,"type":"binary-expr","locations":[{"start":{"line":70,"column":16},"end":{"line":70,"column":22},"skip":true},{"start":{"line":70,"column":27},"end":{"line":70,"column":32},"skip":true},{"start":{"line":71,"column":20},"end":{"line":71,"column":39},"skip":true},{"start":{"line":72,"column":20},"end":{"line":72,"column":49},"skip":true},{"start":{"line":73,"column":20},"end":{"line":73,"column":58},"skip":true},{"start":{"line":74,"column":20},"end":{"line":74,"column":69},"skip":true}]},"9":{"line":79,"type":"switch","locations":[{"start":{"line":80,"column":20},"end":{"line":80,"column":33},"skip":true},{"start":{"line":81,"column":20},"end":{"line":83,"column":30},"skip":true},{"start":{"line":84,"column":20},"end":{"line":85,"column":49},"skip":true}]},"10":{"line":89,"type":"switch","locations":[{"start":{"line":90,"column":12},"end":{"line":103,"column":22},"skip":true},{"start":{"line":105,"column":12},"end":{"line":106,"column":22},"skip":true}]},"11":{"line":89,"type":"binary-expr","locations":[{"start":{"line":89,"column":20},"end":{"line":89,"column":25},"skip":true},{"start":{"line":89,"column":29},"end":{"line":89,"column":48},"skip":true},{"start":{"line":89,"column":52},"end":{"line":89,"column":74},"skip":true}]},"12":{"line":92,"type":"if","locations":[{"start":{"line":92,"column":16},"end":{"line":92,"column":16},"skip":true},{"start":{"line":92,"column":16},"end":{"line":92,"column":16},"skip":true}]},"13":{"line":108,"type":"if","locations":[{"start":{"line":108,"column":12},"end":{"line":108,"column":12},"skip":true},{"start":{"line":108,"column":12},"end":{"line":108,"column":12},"skip":true}]},"14":{"line":108,"type":"binary-expr","locations":[{"start":{"line":108,"column":16},"end":{"line":108,"column":61},"skip":true},{"start":{"line":108,"column":66},"end":{"line":108,"column":72},"skip":true},{"start":{"line":108,"column":77},"end":{"line":108,"column":82},"skip":true},{"start":{"line":109,"column":20},"end":{"line":109,"column":39},"skip":true},{"start":{"line":110,"column":20},"end":{"line":110,"column":49},"skip":true},{"start":{"line":111,"column":20},"end":{"line":111,"column":58},"skip":true},{"start":{"line":112,"column":20},"end":{"line":112,"column":68},"skip":true}]},"15":{"line":129,"type":"if","locations":[{"start":{"line":129,"column":16},"end":{"line":129,"column":16},"skip":true},{"start":{"line":129,"column":16},"end":{"line":129,"column":16},"skip":true}]},"16":{"line":134,"type":"cond-expr","locations":[{"start":{"line":135,"column":26},"end":{"line":135,"column":29},"skip":true},{"start":{"line":136,"column":26},"end":{"line":136,"column":54},"skip":true}]},"17":{"line":164,"type":"binary-expr","locations":[{"start":{"line":164,"column":27},"end":{"line":164,"column":43},"skip":true},{"start":{"line":164,"column":47},"end":{"line":164,"column":49},"skip":true}]},"18":{"line":258,"type":"if","locations":[{"start":{"line":258,"column":8},"end":{"line":258,"column":8},"skip":true},{"start":{"line":258,"column":8},"end":{"line":258,"column":8},"skip":true}]},"19":{"line":275,"type":"switch","locations":[{"start":{"line":276,"column":20},"end":{"line":277,"column":64},"skip":true},{"start":{"line":278,"column":20},"end":{"line":279,"column":40},"skip":true},{"start":{"line":280,"column":20},"end":{"line":281,"column":40},"skip":true},{"start":{"line":282,"column":20},"end":{"line":283,"column":39},"skip":true}]},"20":{"line":288,"type":"if","locations":[{"start":{"line":288,"column":8},"end":{"line":288,"column":8},"skip":true},{"start":{"line":288,"column":8},"end":{"line":288,"column":8},"skip":true}]},"21":{"line":288,"type":"binary-expr","locations":[{"start":{"line":288,"column":12},"end":{"line":288,"column":40},"skip":true},{"start":{"line":288,"column":44},"end":{"line":288,"column":67},"skip":true}]},"22":{"line":292,"type":"binary-expr","locations":[{"start":{"line":292,"column":12},"end":{"line":292,"column":50},"skip":true},{"start":{"line":293,"column":12},"end":{"line":293,"column":53},"skip":true}]},"23":{"line":297,"type":"binary-expr","locations":[{"start":{"line":297,"column":12},"end":{"line":297,"column":77},"skip":true},{"start":{"line":298,"column":12},"end":{"line":301,"column":36},"skip":true}]},"24":{"line":303,"type":"binary-expr","locations":[{"start":{"line":303,"column":43},"end":{"line":303,"column":75},"skip":true},{"start":{"line":303,"column":79},"end":{"line":303,"column":81},"skip":true}]},"25":{"line":306,"type":"if","locations":[{"start":{"line":306,"column":8},"end":{"line":306,"column":8},"skip":true},{"start":{"line":306,"column":8},"end":{"line":306,"column":8},"skip":true}]},"26":{"line":310,"type":"if","locations":[{"start":{"line":310,"column":8},"end":{"line":310,"column":8},"skip":true},{"start":{"line":310,"column":8},"end":{"line":310,"column":8},"skip":true}]},"27":{"line":313,"type":"binary-expr","locations":[{"start":{"line":313,"column":27},"end":{"line":313,"column":43},"skip":true},{"start":{"line":313,"column":47},"end":{"line":313,"column":53},"skip":true}]},"28":{"line":317,"type":"if","locations":[{"start":{"line":317,"column":12},"end":{"line":317,"column":12},"skip":true},{"start":{"line":317,"column":12},"end":{"line":317,"column":12},"skip":true}]}},"code":["/*","example.js","","quickstart example","","instruction","    1. save this script as example.js","    2. run the shell command:","        $ npm install npmtest-html-webpack-plugin && PORT=8081 node example.js","    3. play with the browser-demo on http://127.0.0.1:8081","*/","","","","/* istanbul instrument in package npmtest_html_webpack_plugin */","/*jslint","    bitwise: true,","    browser: true,","    maxerr: 8,","    maxlen: 96,","    node: true,","    nomen: true,","    regexp: true,","    stupid: true","*/","(function () {","    'use strict';","    var local;","","","","    // run shared js-env code - init-before","    (function () {","        // init local","        local = {};","        // init modeJs","        local.modeJs = (function () {","            try {","                return typeof navigator.userAgent === 'string' &&","                    typeof document.querySelector('body') === 'object' &&","                    typeof XMLHttpRequest.prototype.open === 'function' &&","                    'browser';","            } catch (errorCaughtBrowser) {","                return module.exports &&","                    typeof process.versions.node === 'string' &&","                    typeof require('http').createServer === 'function' &&","                    'node';","            }","        }());","        // init global","        local.global = local.modeJs === 'browser'","            ? window","            : global;","        // init utility2_rollup","        local = local.global.utility2_rollup || (local.modeJs === 'browser'","            ? local.global.utility2_npmtest_html_webpack_plugin","            : global.utility2_moduleExports);","        // export local","        local.global.local = local;","    }());","    switch (local.modeJs) {","","","","    // init-after","    // run browser js-env code - init-after","    /* istanbul ignore next */","    case 'browser':","        local.testRunBrowser = function (event) {","            if (!event || (event &&","                    event.currentTarget &&","                    event.currentTarget.className &&","                    event.currentTarget.className.includes &&","                    event.currentTarget.className.includes('onreset'))) {","                // reset output","                Array.from(","                    document.querySelectorAll('body > .resettable')","                ).forEach(function (element) {","                    switch (element.tagName) {","                    case 'INPUT':","                    case 'TEXTAREA':","                        element.value = '';","                        break;","                    default:","                        element.textContent = '';","                    }","                });","            }","            switch (event && event.currentTarget && event.currentTarget.id) {","            case 'testRunButton1':","                // show tests","                if (document.querySelector('#testReportDiv1').style.display === 'none') {","                    document.querySelector('#testReportDiv1').style.display = 'block';","                    document.querySelector('#testRunButton1').textContent =","                        'hide internal test';","                    local.modeTest = true;","                    local.testRunDefault(local);","                // hide tests","                } else {","                    document.querySelector('#testReportDiv1').style.display = 'none';","                    document.querySelector('#testRunButton1').textContent = 'run internal test';","                }","                break;","            // custom-case","            default:","                break;","            }","            if (document.querySelector('#inputTextareaEval1') && (!event || (event &&","                    event.currentTarget &&","                    event.currentTarget.className &&","                    event.currentTarget.className.includes &&","                    event.currentTarget.className.includes('oneval')))) {","                // try to eval input-code","                try {","                    /*jslint evil: true*/","                    eval(document.querySelector('#inputTextareaEval1').value);","                } catch (errorCaught) {","                    console.error(errorCaught);","                }","            }","        };","        // log stderr and stdout to #outputTextareaStdout1","        ['error', 'log'].forEach(function (key) {","            console[key + '_original'] = console[key];","            console[key] = function () {","                var element;","                console[key + '_original'].apply(console, arguments);","                element = document.querySelector('#outputTextareaStdout1');","                if (!element) {","                    return;","                }","                // append text to #outputTextareaStdout1","                element.value += Array.from(arguments).map(function (arg) {","                    return typeof arg === 'string'","                        ? arg","                        : JSON.stringify(arg, null, 4);","                }).join(' ') + '\\n';","                // scroll textarea to bottom","                element.scrollTop = element.scrollHeight;","            };","        });","        // init event-handling","        ['change', 'click', 'keyup'].forEach(function (event) {","            Array.from(document.querySelectorAll('.on' + event)).forEach(function (element) {","                element.addEventListener(event, local.testRunBrowser);","            });","        });","        // run tests","        local.testRunBrowser();","        break;","","","","    // run node js-env code - init-after","    /* istanbul ignore next */","    case 'node':","        // export local","        module.exports = local;","        // require modules","        local.fs = require('fs');","        local.http = require('http');","        local.url = require('url');","        // init assets","        local.assetsDict = local.assetsDict || {};","        /* jslint-ignore-begin */","        local.assetsDict['/assets.index.template.html'] = '\\","<!doctype html>\\n\\","<html lang=\"en\">\\n\\","<head>\\n\\","<meta charset=\"UTF-8\">\\n\\","<meta name=\"viewport\" content=\"width=device-width, initial-scale=1\">\\n\\","<title>{{env.npm_package_name}} (v{{env.npm_package_version}})</title>\\n\\","<style>\\n\\","/*csslint\\n\\","    box-sizing: false,\\n\\","    universal-selector: false\\n\\","*/\\n\\","* {\\n\\","    box-sizing: border-box;\\n\\","}\\n\\","body {\\n\\","    background: #dde;\\n\\","    font-family: Arial, Helvetica, sans-serif;\\n\\","    margin: 2rem;\\n\\","}\\n\\","body > * {\\n\\","    margin-bottom: 1rem;\\n\\","}\\n\\",".utility2FooterDiv {\\n\\","    margin-top: 20px;\\n\\","    text-align: center;\\n\\","}\\n\\","</style>\\n\\","<style>\\n\\","/*csslint\\n\\","*/\\n\\","textarea {\\n\\","    font-family: monospace;\\n\\","    height: 10rem;\\n\\","    width: 100%;\\n\\","}\\n\\","textarea[readonly] {\\n\\","    background: #ddd;\\n\\","}\\n\\","</style>\\n\\","</head>\\n\\","<body>\\n\\","<!-- utility2-comment\\n\\","<div id=\"ajaxProgressDiv1\" style=\"background: #d00; height: 2px; left: 0; margin: 0; padding: 0; position: fixed; top: 0; transition: background 0.5s, width 1.5s; width: 25%;\"></div>\\n\\","utility2-comment -->\\n\\","<h1>\\n\\","<!-- utility2-comment\\n\\","    <a\\n\\","        {{#if env.npm_package_homepage}}\\n\\","        href=\"{{env.npm_package_homepage}}\"\\n\\","        {{/if env.npm_package_homepage}}\\n\\","        target=\"_blank\"\\n\\","    >\\n\\","utility2-comment -->\\n\\","        {{env.npm_package_name}} (v{{env.npm_package_version}})\\n\\","<!-- utility2-comment\\n\\","    </a>\\n\\","utility2-comment -->\\n\\","</h1>\\n\\","<h3>{{env.npm_package_description}}</h3>\\n\\","<!-- utility2-comment\\n\\","<h4><a download href=\"assets.app.js\">download standalone app</a></h4>\\n\\","<button class=\"onclick onreset\" id=\"testRunButton1\">run internal test</button><br>\\n\\","<div id=\"testReportDiv1\" style=\"display: none;\"></div>\\n\\","utility2-comment -->\\n\\","\\n\\","\\n\\","\\n\\","<label>stderr and stdout</label>\\n\\","<textarea class=\"resettable\" id=\"outputTextareaStdout1\" readonly></textarea>\\n\\","<!-- utility2-comment\\n\\","{{#if isRollup}}\\n\\","<script src=\"assets.app.js\"></script>\\n\\","{{#unless isRollup}}\\n\\","utility2-comment -->\\n\\","<script src=\"assets.utility2.rollup.js\"></script>\\n\\","<script src=\"jsonp.utility2._stateInit?callback=window.utility2._stateInit\"></script>\\n\\","<script src=\"assets.npmtest_html_webpack_plugin.rollup.js\"></script>\\n\\","<script src=\"assets.example.js\"></script>\\n\\","<script src=\"assets.test.js\"></script>\\n\\","<!-- utility2-comment\\n\\","{{/if isRollup}}\\n\\","utility2-comment -->\\n\\","<div class=\"utility2FooterDiv\">\\n\\","    [ this app was created with\\n\\","    <a href=\"https://github.com/kaizhu256/node-utility2\" target=\"_blank\">utility2</a>\\n\\","    ]\\n\\","</div>\\n\\","</body>\\n\\","</html>\\n\\","';","        /* jslint-ignore-end */","        if (local.templateRender) {","            local.assetsDict['/'] = local.templateRender(","                local.assetsDict['/assets.index.template.html'],","                {","                    env: local.objectSetDefault(local.env, {","                        npm_package_description: 'the greatest app in the world!',","                        npm_package_name: 'my-app',","                        npm_package_nameAlias: 'my_app',","                        npm_package_version: '0.0.1'","                    })","                }","            );","        } else {","            local.assetsDict['/'] = local.assetsDict['/assets.index.template.html']","                .replace((/\\{\\{env\\.(\\w+?)\\}\\}/g), function (match0, match1) {","                    // jslint-hack","                    String(match0);","                    switch (match1) {","                    case 'npm_package_description':","                        return 'the greatest app in the world!';","                    case 'npm_package_name':","                        return 'my-app';","                    case 'npm_package_nameAlias':","                        return 'my_app';","                    case 'npm_package_version':","                        return '0.0.1';","                    }","                });","        }","        // run the cli","        if (local.global.utility2_rollup || module !== require.main) {","            break;","        }","        local.assetsDict['/assets.example.js'] =","            local.assetsDict['/assets.example.js'] ||","            local.fs.readFileSync(__filename, 'utf8');","        // bug-workaround - long $npm_package_buildCustomOrg","        /* jslint-ignore-begin */","        local.assetsDict['/assets.npmtest_html_webpack_plugin.rollup.js'] =","            local.assetsDict['/assets.npmtest_html_webpack_plugin.rollup.js'] ||","            local.fs.readFileSync(","                local.npmtest_html_webpack_plugin.__dirname + '/lib.npmtest_html_webpack_plugin.js',","                'utf8'","            ).replace((/^#!/), '//');","        /* jslint-ignore-end */","        local.assetsDict['/favicon.ico'] = local.assetsDict['/favicon.ico'] || '';","        // if $npm_config_timeout_exit exists,","        // then exit this process after $npm_config_timeout_exit ms","        if (Number(process.env.npm_config_timeout_exit)) {","            setTimeout(process.exit, Number(process.env.npm_config_timeout_exit));","        }","        // start server","        if (local.global.utility2_serverHttp1) {","            break;","        }","        process.env.PORT = process.env.PORT || '8081';","        console.error('server starting on port ' + process.env.PORT);","        local.http.createServer(function (request, response) {","            request.urlParsed = local.url.parse(request.url);","            if (local.assetsDict[request.urlParsed.pathname] !== undefined) {","                response.end(local.assetsDict[request.urlParsed.pathname]);","                return;","            }","            response.statusCode = 404;","            response.end();","        }).listen(process.env.PORT);","        break;","    }","}());",""],"l":{"26":2,"28":2,"33":2,"35":2,"37":2,"38":2,"39":2,"44":1,"51":2,"55":2,"59":2,"61":2,"69":1,"70":2,"76":2,"79":2,"82":2,"83":2,"85":1,"89":2,"92":1,"93":1,"94":1,"96":1,"97":1,"100":1,"101":1,"103":1,"106":1,"108":2,"114":1,"116":1,"118":1,"123":1,"124":2,"125":2,"126":3,"127":3,"128":3,"129":3,"130":1,"133":3,"134":3,"139":3,"143":1,"144":3,"145":1,"149":1,"150":1,"158":1,"160":1,"161":1,"162":1,"164":1,"166":1,"258":1,"259":1,"271":1,"274":6,"275":6,"277":1,"279":2,"281":1,"283":2,"288":1,"289":1,"291":1,"296":1,"303":1,"306":1,"307":1,"310":1,"311":1,"313":1,"314":1,"315":1,"316":1,"317":1,"318":1,"319":1,"321":1,"322":1,"324":1}},"/home/travis/build/npmtest/node-npmtest-html-webpack-plugin/node_modules/html-webpack-plugin/index.js":{"path":"/home/travis/build/npmtest/node-npmtest-html-webpack-plugin/node_modules/html-webpack-plugin/index.js","s":{"1":1,"2":1,"3":1,"4":1,"5":1,"6":1,"7":1,"8":1,"9":1,"10":1,"11":0,"12":1,"13":0,"14":0,"15":0,"16":0,"17":0,"18":0,"19":0,"20":0,"21":0,"22":0,"23":0,"24":0,"25":0,"26":0,"27":0,"28":0,"29":0,"30":0,"31":0,"32":0,"33":0,"34":0,"35":0,"36":0,"37":0,"38":0,"39":0,"40":0,"41":0,"42":0,"43":0,"44":0,"45":0,"46":0,"47":0,"48":0,"49":0,"50":0,"51":0,"52":0,"53":0,"54":0,"55":0,"56":0,"57":0,"58":0,"59":0,"60":0,"61":0,"62":0,"63":0,"64":0,"65":0,"66":0,"67":0,"68":0,"69":0,"70":0,"71":0,"72":0,"73":0,"74":0,"75":0,"76":0,"77":0,"78":0,"79":0,"80":0,"81":0,"82":0,"83":1,"84":0,"85":0,"86":0,"87":0,"88":0,"89":0,"90":0,"91":0,"92":0,"93":0,"94":0,"95":0,"96":0,"97":1,"98":0,"99":0,"100":0,"101":0,"102":0,"103":0,"104":0,"105":0,"106":0,"107":1,"108":0,"109":0,"110":0,"111":0,"112":0,"113":0,"114":0,"115":0,"116":0,"117":0,"118":0,"119":1,"120":0,"121":0,"122":0,"123":0,"124":0,"125":0,"126":0,"127":0,"128":0,"129":1,"130":0,"131":0,"132":0,"133":0,"134":0,"135":0,"136":0,"137":0,"138":0,"139":1,"140":0,"141":0,"142":0,"143":0,"144":0,"145":0,"146":0,"147":0,"148":0,"149":0,"150":0,"151":1,"152":0,"153":0,"154":1,"155":0,"156":0,"157":0,"158":0,"159":0,"160":0,"161":0,"162":0,"163":0,"164":0,"165":0,"166":0,"167":0,"168":0,"169":0,"170":0,"171":0,"172":0,"173":0,"174":0,"175":0,"176":0,"177":0,"178":0,"179":0,"180":0,"181":0,"182":0,"183":0,"184":0,"185":1,"186":0,"187":0,"188":0,"189":0,"190":0,"191":0,"192":0,"193":0,"194":0,"195":0,"196":0,"197":0,"198":0,"199":0,"200":1,"201":0,"202":0,"203":0,"204":0,"205":0,"206":0,"207":0,"208":0,"209":0,"210":0,"211":0,"212":0,"213":0,"214":0,"215":0,"216":0,"217":0,"218":0,"219":0,"220":0,"221":0,"222":0,"223":0,"224":0,"225":1,"226":0,"227":0,"228":0,"229":1,"230":0,"231":0,"232":0,"233":0,"234":0,"235":0,"236":0,"237":0,"238":1,"239":0,"240":0,"241":0,"242":0,"243":1,"244":0,"245":0,"246":0,"247":0,"248":0,"249":1,"250":0,"251":0,"252":0,"253":0,"254":0,"255":0,"256":1},"b":{"1":[0,0],"2":[0,0],"3":[0,0],"4":[0,0],"5":[0,0],"6":[0,0,0],"7":[0,0],"8":[0,0],"9":[0,0],"10":[0,0],"11":[0,0],"12":[0,0],"13":[0,0],"14":[0,0],"15":[0,0],"16":[0,0,0],"17":[0,0],"18":[0,0],"19":[0,0],"20":[0,0],"21":[0,0],"22":[0,0],"23":[0,0],"24":[0,0],"25":[0,0],"26":[0,0],"27":[0,0],"28":[0,0],"29":[0,0],"30":[0,0],"31":[0,0],"32":[0,0],"33":[0,0],"34":[0,0],"35":[0,0],"36":[0,0],"37":[0,0],"38":[0,0],"39":[0,0],"40":[0,0],"41":[0,0],"42":[0,0],"43":[0,0],"44":[0,0],"45":[0,0],"46":[0,0],"47":[0,0],"48":[0,0],"49":[0,0],"50":[0,0],"51":[0,0],"52":[0,0],"53":[0,0],"54":[0,0],"55":[0,0],"56":[0,0],"57":[0,0],"58":[0,0],"59":[0,0],"60":[0,0]},"f":{"1":0,"2":0,"3":0,"4":0,"5":0,"6":0,"7":0,"8":0,"9":0,"10":0,"11":0,"12":0,"13":0,"14":0,"15":0,"16":0,"17":0,"18":0,"19":0,"20":0,"21":0,"22":0,"23":0,"24":0,"25":0,"26":0,"27":0,"28":0,"29":0,"30":0,"31":0,"32":0,"33":0,"34":0,"35":0,"36":0,"37":0,"38":0,"39":0,"40":0,"41":0,"42":0,"43":0,"44":0,"45":0,"46":0,"47":0,"48":0,"49":0,"50":0,"51":0,"52":0,"53":0,"54":0,"55":0,"56":0,"57":0,"58":0,"59":0,"60":0,"61":0,"62":0,"63":0,"64":0,"65":0,"66":0,"67":0,"68":0},"fnMap":{"1":{"name":"HtmlWebpackPlugin","line":12,"loc":{"start":{"line":12,"column":0},"end":{"line":12,"column":37}}},"2":{"name":"(anonymous_2)","line":31,"loc":{"start":{"line":31,"column":36},"end":{"line":31,"column":56}}},"3":{"name":"(anonymous_3)","line":45,"loc":{"start":{"line":45,"column":26},"end":{"line":45,"column":59}}},"4":{"name":"(anonymous_4)","line":48,"loc":{"start":{"line":48,"column":13},"end":{"line":48,"column":28}}},"5":{"name":"(anonymous_5)","line":55,"loc":{"start":{"line":55,"column":12},"end":{"line":55,"column":41}}},"6":{"name":"(anonymous_6)","line":65,"loc":{"start":{"line":65,"column":26},"end":{"line":65,"column":59}}},"7":{"name":"(anonymous_7)","line":94,"loc":{"start":{"line":94,"column":12},"end":{"line":94,"column":24}}},"8":{"name":"(anonymous_8)","line":97,"loc":{"start":{"line":97,"column":18},"end":{"line":97,"column":45}}},"9":{"name":"(anonymous_9)","line":107,"loc":{"start":{"line":107,"column":12},"end":{"line":107,"column":24}}},"10":{"name":"(anonymous_10)","line":110,"loc":{"start":{"line":110,"column":12},"end":{"line":110,"column":40}}},"11":{"name":"(anonymous_11)","line":121,"loc":{"start":{"line":121,"column":12},"end":{"line":121,"column":41}}},"12":{"name":"(anonymous_12)","line":127,"loc":{"start":{"line":127,"column":14},"end":{"line":127,"column":26}}},"13":{"name":"(anonymous_13)","line":132,"loc":{"start":{"line":132,"column":12},"end":{"line":132,"column":41}}},"14":{"name":"(anonymous_14)","line":140,"loc":{"start":{"line":140,"column":12},"end":{"line":140,"column":28}}},"15":{"name":"(anonymous_15)","line":144,"loc":{"start":{"line":144,"column":12},"end":{"line":144,"column":30}}},"16":{"name":"(anonymous_16)","line":153,"loc":{"start":{"line":153,"column":16},"end":{"line":153,"column":34}}},"17":{"name":"(anonymous_17)","line":156,"loc":{"start":{"line":156,"column":20},"end":{"line":156,"column":36}}},"18":{"name":"(anonymous_18)","line":162,"loc":{"start":{"line":162,"column":12},"end":{"line":162,"column":30}}},"19":{"name":"(anonymous_19)","line":167,"loc":{"start":{"line":167,"column":16},"end":{"line":167,"column":34}}},"20":{"name":"(anonymous_20)","line":171,"loc":{"start":{"line":171,"column":13},"end":{"line":171,"column":28}}},"21":{"name":"(anonymous_21)","line":179,"loc":{"start":{"line":179,"column":12},"end":{"line":179,"column":28}}},"22":{"name":"(anonymous_22)","line":182,"loc":{"start":{"line":182,"column":18},"end":{"line":182,"column":30}}},"23":{"name":"(anonymous_23)","line":185,"loc":{"start":{"line":185,"column":16},"end":{"line":185,"column":28}}},"24":{"name":"(anonymous_24)","line":190,"loc":{"start":{"line":190,"column":12},"end":{"line":190,"column":24}}},"25":{"name":"(anonymous_25)","line":196,"loc":{"start":{"line":196,"column":17},"end":{"line":196,"column":32}}},"26":{"name":"(anonymous_26)","line":199,"loc":{"start":{"line":199,"column":16},"end":{"line":199,"column":28}}},"27":{"name":"(anonymous_27)","line":204,"loc":{"start":{"line":204,"column":15},"end":{"line":204,"column":27}}},"28":{"name":"(anonymous_28)","line":218,"loc":{"start":{"line":218,"column":56},"end":{"line":218,"column":87}}},"29":{"name":"(anonymous_29)","line":249,"loc":{"start":{"line":249,"column":46},"end":{"line":249,"column":103}}},"30":{"name":"(anonymous_30)","line":253,"loc":{"start":{"line":253,"column":10},"end":{"line":253,"column":22}}},"31":{"name":"(anonymous_31)","line":279,"loc":{"start":{"line":279,"column":46},"end":{"line":279,"column":81}}},"32":{"name":"(anonymous_32)","line":286,"loc":{"start":{"line":286,"column":10},"end":{"line":286,"column":22}}},"33":{"name":"(anonymous_33)","line":294,"loc":{"start":{"line":294,"column":10},"end":{"line":294,"column":26}}},"34":{"name":"(anonymous_34)","line":306,"loc":{"start":{"line":306,"column":46},"end":{"line":306,"column":79}}},"35":{"name":"(anonymous_35)","line":312,"loc":{"start":{"line":312,"column":9},"end":{"line":312,"column":21}}},"36":{"name":"(anonymous_36)","line":315,"loc":{"start":{"line":315,"column":8},"end":{"line":315,"column":27}}},"37":{"name":"(anonymous_37)","line":319,"loc":{"start":{"line":319,"column":14},"end":{"line":319,"column":26}}},"38":{"name":"(anonymous_38)","line":322,"loc":{"start":{"line":322,"column":12},"end":{"line":322,"column":24}}},"39":{"name":"(anonymous_39)","line":333,"loc":{"start":{"line":333,"column":41},"end":{"line":333,"column":69}}},"40":{"name":"(anonymous_40)","line":356,"loc":{"start":{"line":356,"column":43},"end":{"line":356,"column":93}}},"41":{"name":"(anonymous_41)","line":357,"loc":{"start":{"line":357,"column":23},"end":{"line":357,"column":40}}},"42":{"name":"(anonymous_42)","line":380,"loc":{"start":{"line":380,"column":53},"end":{"line":380,"column":71}}},"43":{"name":"(anonymous_43)","line":381,"loc":{"start":{"line":381,"column":45},"end":{"line":381,"column":61}}},"44":{"name":"(anonymous_44)","line":386,"loc":{"start":{"line":386,"column":54},"end":{"line":386,"column":85}}},"45":{"name":"(anonymous_45)","line":412,"loc":{"start":{"line":412,"column":53},"end":{"line":412,"column":74}}},"46":{"name":"(anonymous_46)","line":430,"loc":{"start":{"line":430,"column":48},"end":{"line":430,"column":69}}},"47":{"name":"(anonymous_47)","line":436,"loc":{"start":{"line":436,"column":34},"end":{"line":436,"column":55}}},"48":{"name":"(anonymous_48)","line":450,"loc":{"start":{"line":450,"column":32},"end":{"line":450,"column":53}}},"49":{"name":"(anonymous_49)","line":469,"loc":{"start":{"line":469,"column":48},"end":{"line":469,"column":66}}},"50":{"name":"(anonymous_50)","line":471,"loc":{"start":{"line":471,"column":30},"end":{"line":471,"column":52}}},"51":{"name":"(anonymous_51)","line":484,"loc":{"start":{"line":484,"column":30},"end":{"line":484,"column":51}}},"52":{"name":"(anonymous_52)","line":523,"loc":{"start":{"line":523,"column":51},"end":{"line":523,"column":86}}},"53":{"name":"(anonymous_53)","line":533,"loc":{"start":{"line":533,"column":38},"end":{"line":533,"column":55}}},"54":{"name":"(anonymous_54)","line":548,"loc":{"start":{"line":548,"column":40},"end":{"line":548,"column":57}}},"55":{"name":"(anonymous_55)","line":555,"loc":{"start":{"line":555,"column":36},"end":{"line":555,"column":53}}},"56":{"name":"(anonymous_56)","line":562,"loc":{"start":{"line":562,"column":44},"end":{"line":562,"column":73}}},"57":{"name":"(anonymous_57)","line":576,"loc":{"start":{"line":576,"column":41},"end":{"line":576,"column":62}}},"58":{"name":"(anonymous_58)","line":586,"loc":{"start":{"line":586,"column":44},"end":{"line":586,"column":69}}},"59":{"name":"(anonymous_59)","line":588,"loc":{"start":{"line":588,"column":12},"end":{"line":588,"column":37}}},"60":{"name":"(anonymous_60)","line":591,"loc":{"start":{"line":591,"column":9},"end":{"line":591,"column":34}}},"61":{"name":"(anonymous_61)","line":608,"loc":{"start":{"line":608,"column":50},"end":{"line":608,"column":79}}},"62":{"name":"(anonymous_62)","line":616,"loc":{"start":{"line":616,"column":4},"end":{"line":616,"column":48}}},"63":{"name":"(anonymous_63)","line":625,"loc":{"start":{"line":625,"column":44},"end":{"line":625,"column":62}}},"64":{"name":"(anonymous_64)","line":626,"loc":{"start":{"line":626,"column":48},"end":{"line":626,"column":69}}},"65":{"name":"(anonymous_65)","line":628,"loc":{"start":{"line":628,"column":12},"end":{"line":628,"column":40}}},"66":{"name":"(anonymous_66)","line":639,"loc":{"start":{"line":639,"column":57},"end":{"line":639,"column":80}}},"67":{"name":"(anonymous_67)","line":641,"loc":{"start":{"line":641,"column":9},"end":{"line":641,"column":58}}},"68":{"name":"(anonymous_68)","line":643,"loc":{"start":{"line":643,"column":12},"end":{"line":643,"column":30}}}},"statementMap":{"1":{"start":{"line":2,"column":0},"end":{"line":2,"column":23}},"2":{"start":{"line":3,"column":0},"end":{"line":3,"column":23}},"3":{"start":{"line":4,"column":0},"end":{"line":4,"column":26}},"4":{"start":{"line":5,"column":0},"end":{"line":5,"column":34}},"5":{"start":{"line":6,"column":0},"end":{"line":6,"column":27}},"6":{"start":{"line":7,"column":0},"end":{"line":7,"column":49}},"7":{"start":{"line":8,"column":0},"end":{"line":8,"column":45}},"8":{"start":{"line":9,"column":0},"end":{"line":9,"column":50}},"9":{"start":{"line":10,"column":0},"end":{"line":10,"column":25}},"10":{"start":{"line":12,"column":0},"end":{"line":29,"column":1}},"11":{"start":{"line":14,"column":2},"end":{"line":28,"column":14}},"12":{"start":{"line":31,"column":0},"end":{"line":212,"column":2}},"13":{"start":{"line":32,"column":2},"end":{"line":32,"column":18}},"14":{"start":{"line":33,"column":2},"end":{"line":33,"column":34}},"15":{"start":{"line":34,"column":2},"end":{"line":34,"column":25}},"16":{"start":{"line":36,"column":2},"end":{"line":36,"column":92}},"17":{"start":{"line":40,"column":2},"end":{"line":40,"column":39}},"18":{"start":{"line":41,"column":2},"end":{"line":43,"column":3}},"19":{"start":{"line":42,"column":4},"end":{"line":42,"column":82}},"20":{"start":{"line":45,"column":2},"end":{"line":63,"column":5}},"21":{"start":{"line":47,"column":4},"end":{"line":62,"column":9}},"22":{"start":{"line":49,"column":8},"end":{"line":49,"column":79}},"23":{"start":{"line":50,"column":8},"end":{"line":53,"column":10}},"24":{"start":{"line":57,"column":8},"end":{"line":57,"column":106}},"25":{"start":{"line":58,"column":8},"end":{"line":58,"column":56}},"26":{"start":{"line":59,"column":8},"end":{"line":59,"column":71}},"27":{"start":{"line":60,"column":8},"end":{"line":60,"column":19}},"28":{"start":{"line":61,"column":8},"end":{"line":61,"column":41}},"29":{"start":{"line":65,"column":2},"end":{"line":211,"column":5}},"30":{"start":{"line":66,"column":4},"end":{"line":66,"column":82}},"31":{"start":{"line":68,"column":4},"end":{"line":68,"column":59}},"32":{"start":{"line":70,"column":4},"end":{"line":70,"column":95}},"33":{"start":{"line":72,"column":4},"end":{"line":72,"column":66}},"34":{"start":{"line":74,"column":4},"end":{"line":74,"column":109}},"35":{"start":{"line":76,"column":4},"end":{"line":76,"column":67}},"36":{"start":{"line":80,"column":4},"end":{"line":82,"column":5}},"37":{"start":{"line":81,"column":6},"end":{"line":81,"column":24}},"38":{"start":{"line":85,"column":4},"end":{"line":85,"column":63}},"39":{"start":{"line":86,"column":4},"end":{"line":90,"column":5}},"40":{"start":{"line":87,"column":6},"end":{"line":87,"column":24}},"41":{"start":{"line":89,"column":6},"end":{"line":89,"column":33}},"42":{"start":{"line":92,"column":4},"end":{"line":210,"column":9}},"43":{"start":{"line":95,"column":8},"end":{"line":104,"column":9}},"44":{"start":{"line":96,"column":10},"end":{"line":103,"column":15}},"45":{"start":{"line":98,"column":14},"end":{"line":98,"column":102}},"46":{"start":{"line":99,"column":14},"end":{"line":101,"column":15}},"47":{"start":{"line":100,"column":16},"end":{"line":100,"column":34}},"48":{"start":{"line":102,"column":14},"end":{"line":102,"column":60}},"49":{"start":{"line":108,"column":8},"end":{"line":108,"column":34}},"50":{"start":{"line":112,"column":8},"end":{"line":114,"column":9}},"51":{"start":{"line":113,"column":10},"end":{"line":113,"column":46}},"52":{"start":{"line":117,"column":8},"end":{"line":117,"column":77}},"53":{"start":{"line":122,"column":8},"end":{"line":129,"column":11}},"54":{"start":{"line":128,"column":10},"end":{"line":128,"column":35}},"55":{"start":{"line":135,"column":8},"end":{"line":137,"column":81}},"56":{"start":{"line":141,"column":8},"end":{"line":141,"column":113}},"57":{"start":{"line":142,"column":8},"end":{"line":142,"column":106}},"58":{"start":{"line":145,"column":8},"end":{"line":145,"column":31}},"59":{"start":{"line":146,"column":8},"end":{"line":146,"column":35}},"60":{"start":{"line":147,"column":8},"end":{"line":147,"column":35}},"61":{"start":{"line":149,"column":8},"end":{"line":149,"column":55}},"62":{"start":{"line":150,"column":8},"end":{"line":150,"column":145}},"63":{"start":{"line":152,"column":8},"end":{"line":159,"column":13}},"64":{"start":{"line":155,"column":12},"end":{"line":158,"column":17}},"65":{"start":{"line":157,"column":16},"end":{"line":157,"column":70}},"66":{"start":{"line":163,"column":8},"end":{"line":163,"column":31}},"67":{"start":{"line":164,"column":8},"end":{"line":164,"column":35}},"68":{"start":{"line":165,"column":8},"end":{"line":165,"column":113}},"69":{"start":{"line":166,"column":8},"end":{"line":169,"column":13}},"70":{"start":{"line":168,"column":12},"end":{"line":168,"column":31}},"71":{"start":{"line":174,"column":8},"end":{"line":174,"column":79}},"72":{"start":{"line":176,"column":8},"end":{"line":176,"column":25}},"73":{"start":{"line":177,"column":8},"end":{"line":177,"column":95}},"74":{"start":{"line":181,"column":8},"end":{"line":188,"column":10}},"75":{"start":{"line":183,"column":12},"end":{"line":183,"column":24}},"76":{"start":{"line":186,"column":12},"end":{"line":186,"column":31}},"77":{"start":{"line":192,"column":8},"end":{"line":201,"column":11}},"78":{"start":{"line":197,"column":10},"end":{"line":197,"column":29}},"79":{"start":{"line":198,"column":10},"end":{"line":198,"column":22}},"80":{"start":{"line":200,"column":10},"end":{"line":200,"column":22}},"81":{"start":{"line":205,"column":8},"end":{"line":205,"column":19}},"82":{"start":{"line":209,"column":8},"end":{"line":209,"column":20}},"83":{"start":{"line":218,"column":0},"end":{"line":242,"column":2}},"84":{"start":{"line":219,"column":2},"end":{"line":221,"column":3}},"85":{"start":{"line":220,"column":4},"end":{"line":220,"column":76}},"86":{"start":{"line":225,"column":2},"end":{"line":225,"column":66}},"87":{"start":{"line":226,"column":2},"end":{"line":226,"column":80}},"88":{"start":{"line":227,"column":2},"end":{"line":227,"column":100}},"89":{"start":{"line":228,"column":2},"end":{"line":228,"column":61}},"90":{"start":{"line":230,"column":2},"end":{"line":230,"column":16}},"91":{"start":{"line":231,"column":2},"end":{"line":235,"column":3}},"92":{"start":{"line":232,"column":4},"end":{"line":232,"column":49}},"93":{"start":{"line":234,"column":4},"end":{"line":234,"column":29}},"94":{"start":{"line":236,"column":2},"end":{"line":238,"column":3}},"95":{"start":{"line":237,"column":4},"end":{"line":237,"column":34}},"96":{"start":{"line":239,"column":2},"end":{"line":241,"column":88}},"97":{"start":{"line":249,"column":0},"end":{"line":272,"column":2}},"98":{"start":{"line":250,"column":2},"end":{"line":250,"column":18}},"99":{"start":{"line":251,"column":2},"end":{"line":271,"column":7}},"100":{"start":{"line":254,"column":6},"end":{"line":262,"column":8}},"101":{"start":{"line":263,"column":6},"end":{"line":263,"column":20}},"102":{"start":{"line":264,"column":6},"end":{"line":269,"column":7}},"103":{"start":{"line":265,"column":8},"end":{"line":265,"column":48}},"104":{"start":{"line":267,"column":8},"end":{"line":267,"column":78}},"105":{"start":{"line":268,"column":8},"end":{"line":268,"column":33}},"106":{"start":{"line":270,"column":6},"end":{"line":270,"column":18}},"107":{"start":{"line":279,"column":0},"end":{"line":301,"column":2}},"108":{"start":{"line":280,"column":2},"end":{"line":280,"column":18}},"109":{"start":{"line":281,"column":2},"end":{"line":283,"column":3}},"110":{"start":{"line":282,"column":4},"end":{"line":282,"column":90}},"111":{"start":{"line":284,"column":2},"end":{"line":300,"column":7}},"112":{"start":{"line":287,"column":6},"end":{"line":291,"column":7}},"113":{"start":{"line":288,"column":8},"end":{"line":288,"column":66}},"114":{"start":{"line":290,"column":8},"end":{"line":290,"column":20}},"115":{"start":{"line":295,"column":6},"end":{"line":298,"column":7}},"116":{"start":{"line":296,"column":8},"end":{"line":296,"column":53}},"117":{"start":{"line":297,"column":8},"end":{"line":297,"column":49}},"118":{"start":{"line":299,"column":6},"end":{"line":299,"column":18}},"119":{"start":{"line":306,"column":0},"end":{"line":328,"column":2}},"120":{"start":{"line":307,"column":2},"end":{"line":307,"column":66}},"121":{"start":{"line":308,"column":2},"end":{"line":327,"column":5}},"122":{"start":{"line":313,"column":4},"end":{"line":313,"column":91}},"123":{"start":{"line":316,"column":4},"end":{"line":316,"column":43}},"124":{"start":{"line":317,"column":4},"end":{"line":317,"column":48}},"125":{"start":{"line":318,"column":4},"end":{"line":325,"column":6}},"126":{"start":{"line":320,"column":8},"end":{"line":320,"column":30}},"127":{"start":{"line":323,"column":8},"end":{"line":323,"column":33}},"128":{"start":{"line":326,"column":4},"end":{"line":326,"column":20}},"129":{"start":{"line":333,"column":0},"end":{"line":351,"column":2}},"130":{"start":{"line":335,"column":2},"end":{"line":337,"column":3}},"131":{"start":{"line":336,"column":4},"end":{"line":336,"column":22}},"132":{"start":{"line":339,"column":2},"end":{"line":341,"column":3}},"133":{"start":{"line":340,"column":4},"end":{"line":340,"column":33}},"134":{"start":{"line":343,"column":2},"end":{"line":345,"column":3}},"135":{"start":{"line":344,"column":4},"end":{"line":344,"column":36}},"136":{"start":{"line":347,"column":2},"end":{"line":349,"column":3}},"137":{"start":{"line":348,"column":4},"end":{"line":348,"column":41}},"138":{"start":{"line":350,"column":2},"end":{"line":350,"column":71}},"139":{"start":{"line":356,"column":0},"end":{"line":378,"column":2}},"140":{"start":{"line":357,"column":2},"end":{"line":377,"column":5}},"141":{"start":{"line":358,"column":4},"end":{"line":358,"column":35}},"142":{"start":{"line":360,"column":4},"end":{"line":362,"column":5}},"143":{"start":{"line":361,"column":6},"end":{"line":361,"column":19}},"144":{"start":{"line":364,"column":4},"end":{"line":366,"column":5}},"145":{"start":{"line":365,"column":6},"end":{"line":365,"column":19}},"146":{"start":{"line":368,"column":4},"end":{"line":370,"column":5}},"147":{"start":{"line":369,"column":6},"end":{"line":369,"column":19}},"148":{"start":{"line":372,"column":4},"end":{"line":374,"column":5}},"149":{"start":{"line":373,"column":6},"end":{"line":373,"column":19}},"150":{"start":{"line":376,"column":4},"end":{"line":376,"column":16}},"151":{"start":{"line":380,"column":0},"end":{"line":384,"column":2}},"152":{"start":{"line":381,"column":2},"end":{"line":383,"column":5}},"153":{"start":{"line":382,"column":4},"end":{"line":382,"column":42}},"154":{"start":{"line":386,"column":0},"end":{"line":464,"column":2}},"155":{"start":{"line":387,"column":2},"end":{"line":387,"column":18}},"156":{"start":{"line":388,"column":2},"end":{"line":388,"column":57}},"157":{"start":{"line":391,"column":2},"end":{"line":396,"column":33}},"158":{"start":{"line":398,"column":2},"end":{"line":400,"column":3}},"159":{"start":{"line":399,"column":4},"end":{"line":399,"column":22}},"160":{"start":{"line":402,"column":2},"end":{"line":415,"column":4}},"161":{"start":{"line":413,"column":6},"end":{"line":413,"column":53}},"162":{"start":{"line":418,"column":2},"end":{"line":421,"column":3}},"163":{"start":{"line":419,"column":4},"end":{"line":419,"column":78}},"164":{"start":{"line":420,"column":4},"end":{"line":420,"column":76}},"165":{"start":{"line":423,"column":2},"end":{"line":457,"column":3}},"166":{"start":{"line":424,"column":4},"end":{"line":424,"column":26}},"167":{"start":{"line":425,"column":4},"end":{"line":425,"column":35}},"168":{"start":{"line":427,"column":4},"end":{"line":427,"column":34}},"169":{"start":{"line":430,"column":4},"end":{"line":432,"column":7}},"170":{"start":{"line":431,"column":6},"end":{"line":431,"column":36}},"171":{"start":{"line":435,"column":4},"end":{"line":439,"column":5}},"172":{"start":{"line":436,"column":6},"end":{"line":438,"column":9}},"173":{"start":{"line":437,"column":8},"end":{"line":437,"column":65}},"174":{"start":{"line":443,"column":4},"end":{"line":443,"column":30}},"175":{"start":{"line":444,"column":4},"end":{"line":444,"column":47}},"176":{"start":{"line":445,"column":4},"end":{"line":445,"column":43}},"177":{"start":{"line":446,"column":4},"end":{"line":446,"column":47}},"178":{"start":{"line":447,"column":4},"end":{"line":447,"column":26}},"179":{"start":{"line":450,"column":4},"end":{"line":454,"column":7}},"180":{"start":{"line":453,"column":6},"end":{"line":453,"column":42}},"181":{"start":{"line":455,"column":4},"end":{"line":455,"column":39}},"182":{"start":{"line":456,"column":4},"end":{"line":456,"column":40}},"183":{"start":{"line":461,"column":2},"end":{"line":461,"column":34}},"184":{"start":{"line":463,"column":2},"end":{"line":463,"column":16}},"185":{"start":{"line":469,"column":0},"end":{"line":518,"column":2}},"186":{"start":{"line":471,"column":2},"end":{"line":480,"column":5}},"187":{"start":{"line":472,"column":4},"end":{"line":479,"column":6}},"188":{"start":{"line":482,"column":2},"end":{"line":482,"column":44}},"189":{"start":{"line":484,"column":2},"end":{"line":493,"column":5}},"190":{"start":{"line":485,"column":4},"end":{"line":492,"column":6}},"191":{"start":{"line":495,"column":2},"end":{"line":495,"column":16}},"192":{"start":{"line":496,"column":2},"end":{"line":496,"column":16}},"193":{"start":{"line":499,"column":2},"end":{"line":508,"column":3}},"194":{"start":{"line":500,"column":4},"end":{"line":507,"column":7}},"195":{"start":{"line":510,"column":2},"end":{"line":510,"column":29}},"196":{"start":{"line":512,"column":2},"end":{"line":516,"column":3}},"197":{"start":{"line":513,"column":4},"end":{"line":513,"column":32}},"198":{"start":{"line":515,"column":4},"end":{"line":515,"column":32}},"199":{"start":{"line":517,"column":2},"end":{"line":517,"column":34}},"200":{"start":{"line":523,"column":0},"end":{"line":571,"column":2}},"201":{"start":{"line":524,"column":2},"end":{"line":524,"column":36}},"202":{"start":{"line":525,"column":2},"end":{"line":525,"column":33}},"203":{"start":{"line":526,"column":2},"end":{"line":526,"column":33}},"204":{"start":{"line":527,"column":2},"end":{"line":527,"column":52}},"205":{"start":{"line":528,"column":2},"end":{"line":528,"column":52}},"206":{"start":{"line":530,"column":2},"end":{"line":540,"column":3}},"207":{"start":{"line":531,"column":4},"end":{"line":539,"column":5}},"208":{"start":{"line":533,"column":6},"end":{"line":535,"column":9}},"209":{"start":{"line":534,"column":8},"end":{"line":534,"column":37}},"210":{"start":{"line":538,"column":6},"end":{"line":538,"column":28}},"211":{"start":{"line":542,"column":2},"end":{"line":558,"column":3}},"212":{"start":{"line":544,"column":4},"end":{"line":552,"column":5}},"213":{"start":{"line":545,"column":6},"end":{"line":551,"column":7}},"214":{"start":{"line":546,"column":8},"end":{"line":546,"column":38}},"215":{"start":{"line":548,"column":8},"end":{"line":550,"column":11}},"216":{"start":{"line":549,"column":10},"end":{"line":549,"column":41}},"217":{"start":{"line":555,"column":4},"end":{"line":557,"column":7}},"218":{"start":{"line":556,"column":6},"end":{"line":556,"column":35}},"219":{"start":{"line":561,"column":2},"end":{"line":569,"column":3}},"220":{"start":{"line":562,"column":4},"end":{"line":568,"column":7}},"221":{"start":{"line":564,"column":6},"end":{"line":566,"column":7}},"222":{"start":{"line":565,"column":8},"end":{"line":565,"column":21}},"223":{"start":{"line":567,"column":6},"end":{"line":567,"column":65}},"224":{"start":{"line":570,"column":2},"end":{"line":570,"column":14}},"225":{"start":{"line":576,"column":0},"end":{"line":581,"column":2}},"226":{"start":{"line":577,"column":2},"end":{"line":579,"column":3}},"227":{"start":{"line":578,"column":4},"end":{"line":578,"column":15}},"228":{"start":{"line":580,"column":2},"end":{"line":580,"column":60}},"229":{"start":{"line":586,"column":0},"end":{"line":603,"column":2}},"230":{"start":{"line":587,"column":2},"end":{"line":596,"column":7}},"231":{"start":{"line":589,"column":6},"end":{"line":589,"column":63}},"232":{"start":{"line":592,"column":6},"end":{"line":594,"column":7}},"233":{"start":{"line":593,"column":8},"end":{"line":593,"column":29}},"234":{"start":{"line":595,"column":6},"end":{"line":595,"column":82}},"235":{"start":{"line":598,"column":2},"end":{"line":598,"column":102}},"236":{"start":{"line":599,"column":2},"end":{"line":599,"column":136}},"237":{"start":{"line":600,"column":2},"end":{"line":602,"column":56}},"238":{"start":{"line":608,"column":0},"end":{"line":619,"column":2}},"239":{"start":{"line":610,"column":2},"end":{"line":612,"column":3}},"240":{"start":{"line":611,"column":4},"end":{"line":611,"column":90}},"241":{"start":{"line":614,"column":2},"end":{"line":618,"column":7}},"242":{"start":{"line":617,"column":6},"end":{"line":617,"column":55}},"243":{"start":{"line":625,"column":0},"end":{"line":633,"column":2}},"244":{"start":{"line":626,"column":2},"end":{"line":630,"column":10}},"245":{"start":{"line":627,"column":4},"end":{"line":627,"column":55}},"246":{"start":{"line":629,"column":4},"end":{"line":629,"column":43}},"247":{"start":{"line":631,"column":2},"end":{"line":631,"column":15}},"248":{"start":{"line":632,"column":2},"end":{"line":632,"column":15}},"249":{"start":{"line":639,"column":0},"end":{"line":650,"column":2}},"250":{"start":{"line":640,"column":2},"end":{"line":640,"column":125}},"251":{"start":{"line":641,"column":2},"end":{"line":649,"column":4}},"252":{"start":{"line":642,"column":4},"end":{"line":648,"column":9}},"253":{"start":{"line":644,"column":8},"end":{"line":646,"column":9}},"254":{"start":{"line":645,"column":10},"end":{"line":645,"column":116}},"255":{"start":{"line":647,"column":8},"end":{"line":647,"column":44}},"256":{"start":{"line":652,"column":0},"end":{"line":652,"column":35}}},"branchMap":{"1":{"line":41,"type":"if","locations":[{"start":{"line":41,"column":2},"end":{"line":41,"column":2}},{"start":{"line":41,"column":2},"end":{"line":41,"column":2}}]},"2":{"line":51,"type":"cond-expr","locations":[{"start":{"line":51,"column":45},"end":{"line":51,"column":92}},{"start":{"line":51,"column":95},"end":{"line":51,"column":102}}]},"3":{"line":57,"type":"binary-expr","locations":[{"start":{"line":57,"column":30},"end":{"line":57,"column":52}},{"start":{"line":57,"column":56},"end":{"line":57,"column":105}}]},"4":{"line":80,"type":"if","locations":[{"start":{"line":80,"column":4},"end":{"line":80,"column":4}},{"start":{"line":80,"column":4},"end":{"line":80,"column":4}}]},"5":{"line":86,"type":"if","locations":[{"start":{"line":86,"column":4},"end":{"line":86,"column":4}},
[...]
":111,"column":96}},{"start":{"line":111,"column":99},"end":{"line":111,"column":111}}]}},"code":["/*"," * This file uses webpack to compile a template with a child compiler."," *"," * [TEMPLATE] -> [JAVASCRIPT]"," *"," */","'use strict';","var Promise = require('bluebird');","var _ = require('lodash');","var path = require('path');","var NodeTemplatePlugin = require('webpack/lib/node/NodeTemplatePlugin');","var NodeTargetPlugin = require('webpack/lib/node/NodeTargetPlugin');","var LoaderTargetPlugin = require('webpack/lib/LoaderTargetPlugin');","var LibraryTemplatePlugin = require('webpack/lib/LibraryTemplatePlugin');","var SingleEntryPlugin = require('webpack/lib/SingleEntryPlugin');","","/**"," * Compiles the template into a nodejs factory, adds its to the compilation.assets"," * and returns a promise of the result asset object."," *"," * @param template relative path to the template file"," * @param context path context"," * @param outputFilename the file name"," * @param compilation The webpack compilation object"," *"," * Returns an object:"," * {"," *  hash: {String} - Base64 hash of the file"," *  content: {String} - Javascript executable code of the template"," * }"," *"," */","module.exports.compileTemplate = function compileTemplate (template, context, outputFilename, compilation) {","  // The entry file is just an empty helper as the dynamic template","  // require is added in \"loader.js\"","  var outputOptions = {","    filename: outputFilename,","    publicPath: compilation.outputOptions.publicPath","  };","  // Store the result of the parent compilation before we start the child compilation","  var assetsBeforeCompilation = _.assign({}, compilation.assets[outputOptions.filename]);","  // Create an additional child compiler which takes the template","  // and turns it into an Node.JS html factory.","  // This allows us to use loaders during the compilation","  var compilerName = getCompilerName(context, outputFilename);","  var childCompiler = compilation.createChildCompiler(compilerName, outputOptions);","  childCompiler.context = context;","  childCompiler.apply(","    new NodeTemplatePlugin(outputOptions),","    new NodeTargetPlugin(),","    new LibraryTemplatePlugin('HTML_WEBPACK_PLUGIN_RESULT', 'var'),","    new SingleEntryPlugin(this.context, template),","    new LoaderTargetPlugin('node')","  );","","  // Fix for \"Uncaught TypeError: __webpack_require__(...) is not a function\"","  // Hot module replacement requires that every child compiler has its own","  // cache. @see https://github.com/ampedandwired/html-webpack-plugin/pull/179","  childCompiler.plugin('compilation', function (compilation) {","    if (compilation.cache) {","      if (!compilation.cache[compilerName]) {","        compilation.cache[compilerName] = {};","      }","      compilation.cache = compilation.cache[compilerName];","    }","  });","","  // Compile and return a promise","  return new Promise(function (resolve, reject) {","    childCompiler.runAsChild(function (err, entries, childCompilation) {","      // Resolve / reject the promise","      if (childCompilation && childCompilation.errors && childCompilation.errors.length) {","        var errorDetails = childCompilation.errors.map(function (error) {","          return error.message + (error.error ? ':\\n' + error.error : '');","        }).join('\\n');","        reject(new Error('Child compilation failed:\\n' + errorDetails));","      } else if (err) {","        reject(err);","      } else {","        // Replace [hash] placeholders in filename","        var outputName = compilation.mainTemplate.applyPluginsWaterfall('asset-path', outputOptions.filename, {","          hash: childCompilation.hash,","          chunk: entries[0]","        });","        // Restore the parent compilation to the state like it","        // was before the child compilation","        compilation.assets[outputName] = assetsBeforeCompilation[outputName];","        if (assetsBeforeCompilation[outputName] === undefined) {","          // If it wasn't there - delete it","          delete compilation.assets[outputName];","        }","        resolve({","          // Hash of the template entry point","          hash: entries[0].hash,","          // Output name","          outputName: outputName,","          // Compiled code","          content: childCompilation.assets[outputName].source()","        });","      }","    });","  });","};","","/**"," * Returns the child compiler name e.g. 'html-webpack-plugin for \"index.html\"'"," */","function getCompilerName (context, filename) {","  var absolutePath = path.resolve(context, filename);","  var relativePath = path.relative(context, absolutePath);","  return 'html-webpack-plugin for \"' + (absolutePath.length < relativePath.length ? absolutePath : relativePath) + '\"';","}",""],"l":{"8":1,"9":1,"10":1,"11":1,"12":1,"13":1,"14":1,"15":1,"33":1,"36":0,"41":0,"45":0,"46":0,"47":0,"48":0,"59":0,"60":0,"61":0,"62":0,"64":0,"69":0,"70":0,"72":0,"73":0,"74":0,"76":0,"77":0,"78":0,"81":0,"87":0,"88":0,"90":0,"92":0,"108":1,"109":0,"110":0,"111":0}},"/home/travis/build/npmtest/node-npmtest-html-webpack-plugin/node_modules/html-webpack-plugin/lib/errors.js":{"path":"/home/travis/build/npmtest/node-npmtest-html-webpack-plugin/node_modules/html-webpack-plugin/lib/errors.js","s":{"1":1,"2":1,"3":1,"4":1,"5":1,"6":1,"7":0,"8":1,"9":0,"10":0,"11":0,"12":0},"b":{},"f":{"1":0,"2":0,"3":0,"4":0,"5":0},"fnMap":{"1":{"name":"(anonymous_1)","line":7,"loc":{"start":{"line":7,"column":17},"end":{"line":7,"column":38}}},"2":{"name":"(anonymous_2)","line":11,"loc":{"start":{"line":11,"column":17},"end":{"line":11,"column":41}}},"3":{"name":"(anonymous_3)","line":13,"loc":{"start":{"line":13,"column":12},"end":{"line":13,"column":24}}},"4":{"name":"(anonymous_4)","line":16,"loc":{"start":{"line":16,"column":16},"end":{"line":16,"column":28}}},"5":{"name":"(anonymous_5)","line":19,"loc":{"start":{"line":19,"column":14},"end":{"line":19,"column":26}}}},"statementMap":{"1":{"start":{"line":2,"column":0},"end":{"line":2,"column":42}},"2":{"start":{"line":3,"column":0},"end":{"line":3,"column":36}},"3":{"start":{"line":4,"column":0},"end":{"line":4,"column":28}},"4":{"start":{"line":5,"column":0},"end":{"line":5,"column":52}},"5":{"start":{"line":6,"column":0},"end":{"line":6,"column":28}},"6":{"start":{"line":7,"column":0},"end":{"line":9,"column":3}},"7":{"start":{"line":8,"column":2},"end":{"line":8,"column":53}},"8":{"start":{"line":11,"column":0},"end":{"line":23,"column":2}},"9":{"start":{"line":12,"column":2},"end":{"line":22,"column":4}},"10":{"start":{"line":14,"column":6},"end":{"line":14,"column":74}},"11":{"start":{"line":17,"column":6},"end":{"line":17,"column":43}},"12":{"start":{"line":20,"column":6},"end":{"line":20,"column":75}}},"branchMap":{},"code":["'use strict';","var PrettyError = require('pretty-error');","var prettyError = new PrettyError();","prettyError.withoutColors();","prettyError.skipPackage(['html-plugin-evaluation']);","prettyError.skipNodeFiles();","prettyError.skip(function (traceLine) {","  return traceLine.path === 'html-plugin-evaluation';","});","","module.exports = function (err, context) {","  return {","    toHtml: function () {","      return 'Html Webpack Plugin:\\n<pre>\\n' + this.toString() + '</pre>';","    },","    toJsonHtml: function () {","      return JSON.stringify(this.toHtml());","    },","    toString: function () {","      return prettyError.render(err).replace(/webpack:\\/\\/\\/\\./g, context);","    }","  };","};",""],"l":{"2":1,"3":1,"4":1,"5":1,"6":1,"7":1,"8":0,"11":1,"12":0,"14":0,"17":0,"20":0}},"/home/travis/build/npmtest/node-npmtest-html-webpack-plugin/node_modules/html-webpack-plugin/lib/chunksorter.js":{"path":"/home/travis/build/npmtest/node-npmtest-html-webpack-plugin/node_modules/html-webpack-plugin/lib/chunksorter.js","s":{"1":1,"2":1,"3":1,"4":0,"5":0,"6":0,"7":0,"8":0,"9":0,"10":0,"11":0,"12":0,"13":0,"14":0,"15":0,"16":0,"17":1,"18":0,"19":0,"20":0,"21":0,"22":1,"23":0,"24":1,"25":1,"26":0},"b":{"1":[0,0],"2":[0,0],"3":[0,0],"4":[0,0],"5":[0,0],"6":[0,0],"7":[0,1]},"f":{"1":0,"2":0,"3":0,"4":0,"5":0,"6":0,"7":0},"fnMap":{"1":{"name":"(anonymous_1)","line":25,"loc":{"start":{"line":25,"column":28},"end":{"line":25,"column":46}}},"2":{"name":"(anonymous_2)","line":33,"loc":{"start":{"line":33,"column":17},"end":{"line":33,"column":34}}},"3":{"name":"(anonymous_3)","line":40,"loc":{"start":{"line":40,"column":17},"end":{"line":40,"column":34}}},"4":{"name":"(anonymous_4)","line":43,"loc":{"start":{"line":43,"column":28},"end":{"line":43,"column":48}}},"5":{"name":"(anonymous_5)","line":64,"loc":{"start":{"line":64,"column":20},"end":{"line":64,"column":38}}},"6":{"name":"orderEntryLast","line":65,"loc":{"start":{"line":65,"column":21},"end":{"line":65,"column":52}}},"7":{"name":"(anonymous_7)","line":79,"loc":{"start":{"line":79,"column":22},"end":{"line":79,"column":40}}}},"statementMap":{"1":{"start":{"line":3,"column":0},"end":{"line":3,"column":35}},"2":{"start":{"line":4,"column":0},"end":{"line":4,"column":26}},"3":{"start":{"line":25,"column":0},"end":{"line":56,"column":2}},"4":{"start":{"line":26,"column":2},"end":{"line":28,"column":3}},"5":{"start":{"line":27,"column":4},"end":{"line":27,"column":18}},"6":{"start":{"line":31,"column":2},"end":{"line":31,"column":19}},"7":{"start":{"line":33,"column":2},"end":{"line":35,"column":5}},"8":{"start":{"line":34,"column":4},"end":{"line":34,"column":30}},"9":{"start":{"line":38,"column":2},"end":{"line":38,"column":17}},"10":{"start":{"line":40,"column":2},"end":{"line":53,"column":5}},"11":{"start":{"line":41,"column":4},"end":{"line":52,"column":5}},"12":{"start":{"line":43,"column":6},"end":{"line":51,"column":9}},"13":{"start":{"line":45,"column":8},"end":{"line":45,"column":78}},"14":{"start":{"line":48,"column":8},"end":{"line":50,"column":9}},"15":{"start":{"line":49,"column":10},"end":{"line":49,"column":43}},"16":{"start":{"line":55,"column":2},"end":{"line":55,"column":39}},"17":{"start":{"line":64,"column":0},"end":{"line":72,"column":2}},"18":{"start":{"line":65,"column":2},"end":{"line":71,"column":5}},"19":{"start":{"line":66,"column":4},"end":{"line":70,"column":5}},"20":{"start":{"line":67,"column":6},"end":{"line":67,"column":30}},"21":{"start":{"line":69,"column":6},"end":{"line":69,"column":25}},"22":{"start":{"line":79,"column":0},"end":{"line":81,"column":2}},"23":{"start":{"line":80,"column":2},"end":{"line":80,"column":16}},"24":{"start":{"line":86,"column":0},"end":{"line":86,"column":40}},"25":{"start":{"line":91,"column":0},"end":{"line":93,"column":1}},"26":{"start":{"line":92,"column":2},"end":{"line":92,"column":50}}},"branchMap":{"1":{"line":26,"type":"if","locations":[{"start":{"line":26,"column":2},"end":{"line":26,"column":2}},{"start":{"line":26,"column":2},"end":{"line":26,"column":2}}]},"2":{"line":41,"type":"if","locations":[{"start":{"line":41,"column":4},"end":{"line":41,"column":4}},{"start":{"line":41,"column":4},"end":{"line":41,"column":4}}]},"3":{"line":45,"type":"cond-expr","locations":[{"start":{"line":45,"column":49},"end":{"line":45,"column":57}},{"start":{"line":45,"column":60},"end":{"line":45,"column":77}}]},"4":{"line":48,"type":"if","locations":[{"start":{"line":48,"column":8},"end":{"line":48,"column":8}},{"start":{"line":48,"column":8},"end":{"line":48,"column":8}}]},"5":{"line":66,"type":"if","locations":[{"start":{"line":66,"column":4},"end":{"line":66,"column":4}},{"start":{"line":66,"column":4},"end":{"line":66,"column":4}}]},"6":{"line":67,"type":"cond-expr","locations":[{"start":{"line":67,"column":23},"end":{"line":67,"column":24}},{"start":{"line":67,"column":27},"end":{"line":67,"column":29}}]},"7":{"line":91,"type":"if","locations":[{"start":{"line":91,"column":0},"end":{"line":91,"column":0}},{"start":{"line":91,"column":0},"end":{"line":91,"column":0}}]}},"code":["'use strict';","","var toposort = require('toposort');","var _ = require('lodash');","","/*","  Sorts dependencies between chunks by their \"parents\" attribute.","","  This function sorts chunks based on their dependencies with each other.","  The parent relation between chunks as generated by Webpack for each chunk","  is used to define a directed (and hopefully acyclic) graph, which is then","  topologically sorted in order to retrieve the correct order in which","  chunks need to be embedded into HTML. A directed edge in this graph is","  describing a \"is parent of\" relationship from a chunk to another (distinct)","  chunk. Thus topological sorting orders chunks from bottom-layer chunks to","  highest level chunks that use the lower-level chunks.","","  @param {Array} chunks an array of chunks as generated by the html-webpack-plugin.","  It is assumed that each entry contains at least the properties \"id\"","  (containing the chunk id) and \"parents\" (array containing the ids of the","  parent chunks).","","  @return {Array} A topologically sorted version of the input chunks","*/","module.exports.dependency = function (chunks) {","  if (!chunks) {","    return chunks;","  }","","  // We build a map (chunk-id -> chunk) for faster access during graph building.","  var nodeMap = {};","","  chunks.forEach(function (chunk) {","    nodeMap[chunk.id] = chunk;","  });","","  // Next, we add an edge for each parent relationship into the graph","  var edges = [];","","  chunks.forEach(function (chunk) {","    if (chunk.parents) {","      // Add an edge for each parent (parent -> child)","      chunk.parents.forEach(function (parentId) {","        // webpack2 chunk.parents are chunks instead of string id(s)","        var parentChunk = _.isObject(parentId) ? parentId : nodeMap[parentId];","        // If the parent chunk does not exist (e.g. because of an excluded chunk)","        // we ignore that parent","        if (parentChunk) {","          edges.push([parentChunk, chunk]);","        }","      });","    }","  });","  // We now perform a topological sorting on the input chunks and built edges","  return toposort.array(chunks, edges);","};","","/**"," * Sorts the chunks based on the chunk id."," *"," * @param  {Array} chunks the list of chunks to sort"," * @return {Array} The sorted list of chunks"," */","module.exports.id = function (chunks) {","  return chunks.sort(function orderEntryLast (a, b) {","    if (a.entry !== b.entry) {","      return b.entry ? 1 : -1;","    } else {","      return b.id - a.id;","    }","  });","};","","/**"," * Performs identity mapping (no-sort)."," * @param  {Array} chunks the chunks to sort"," * @return {Array} The sorted chunks"," */","module.exports.none = function (chunks) {","  return chunks;","};","","/**"," * Defines the default sorter."," */","module.exports.auto = module.exports.id;","","// In webpack 2 the ids have been flipped.","// Therefore the id sort doesn't work the same way as it did for webpack 1","// Luckily the dependency sort is working as expected","if (require('webpack/package.json').version.split('.')[0] === '2') {","  module.exports.auto = module.exports.dependency;","}",""],"l":{"3":1,"4":1,"25":1,"26":0,"27":0,"31":0,"33":0,"34":0,"38":0,"40":0,"41":0,"43":0,"45":0,"48":0,"49":0,"55":0,"64":1,"65":0,"66":0,"67":0,"69":0,"79":1,"80":0,"86":1,"91":1,"92":0}},"/home/travis/build/npmtest/node-npmtest-html-webpack-plugin/node_modules/html-webpack-plugin/lib/loader.js":{"path":"/home/travis/build/npmtest/node-npmtest-html-webpack-plugin/node_modules/html-webpack-plugin/lib/loader.js","s":{"1":1,"2":1,"3":1,"4":0,"5":0,"6":0,"7":0,"8":0,"9":0,"10":0,"11":0,"12":0,"13":0,"14":0,"15":0,"16":0},"b":{"1":[0,0],"2":[0,0],"3":[0,0],"4":[0,0]},"f":{"1":0,"2":0,"3":0},"fnMap":{"1":{"name":"(anonymous_1)","line":7,"loc":{"start":{"line":7,"column":17},"end":{"line":7,"column":35}}},"2":{"name":"(anonymous_2)","line":11,"loc":{"start":{"line":11,"column":49},"end":{"line":11,"column":67}}},"3":{"name":"(anonymous_3)","line":45,"loc":{"start":{"line":45,"column":28},"end":{"line":45,"column":52}}}},"statementMap":{"1":{"start":{"line":4,"column":0},"end":{"line":4,"column":26}},"2":{"start":{"line":5,"column":0},"end":{"line":5,"column":42}},"3":{"start":{"line":7,"column":0},"end":{"line":51,"column":2}},"4":{"start":{"line":8,"column":2},"end":{"line":10,"column":3}},"5":{"start":{"line":9,"column":4},"end":{"line":9,"column":21}},"6":{"start":{"line":11,"column":2},"end":{"line":14,"column":5}},"7":{"start":{"line":13,"column":4},"end":{"line":13,"column":63}},"8":{"start":{"line":16,"column":2},"end":{"line":18,"column":3}},"9":{"start":{"line":17,"column":4},"end":{"line":17,"column":18}},"10":{"start":{"line":20,"column":2},"end":{"line":22,"column":3}},"11":{"start":{"line":21,"column":4},"end":{"line":21,"column":18}},"12":{"start":{"line":27,"column":2},"end":{"line":27,"column":51}},"13":{"start":{"line":32,"column":2},"end":{"line":32,"column":79}},"14":{"start":{"line":35,"column":2},"end":{"line":40,"column":4}},"15":{"start":{"line":41,"column":2},"end":{"line":50,"column":8}},"16":{"start":{"line":46,"column":8},"end":{"line":46,"column":75}}},"branchMap":{"1":{"line":8,"type":"if","locations":[{"start":{"line":8,"column":2},"end":{"line":8,"column":2}},{"start":{"line":8,"column":2},"end":{"line":8,"column":2}}]},"2":{"line":13,"type":"binary-expr","locations":[{"start":{"line":13,"column":12},"end":{"line":13,"column":25}},{"start":{"line":13,"column":29},"end":{"line":13,"column":42}}]},"3":{"line":16,"type":"if","locations":[{"start":{"line":16,"column":2},"end":{"line":16,"column":2}},{"start":{"line":16,"column":2},"end":{"line":16,"column":2}}]},"4":{"line":20,"type":"if","locations":[{"start":{"line":20,"column":2},"end":{"line":20,"column":2}},{"start":{"line":20,"column":2},"end":{"line":20,"column":2}}]}},"code":["/* This loader renders the template with underscore if no other loader was found */","'use strict';","","var _ = require('lodash');","var loaderUtils = require('loader-utils');","","module.exports = function (source) {","  if (this.cacheable) {","    this.cacheable();","  }","  var allLoadersButThisOne = this.loaders.filter(function (loader) {","    // Loader API changed from `loader.module` to `loader.normal` in Webpack 2.","    return (loader.module || loader.normal) !== module.exports;","  });","  // This loader shouldn't kick in if there is any other loader","  if (allLoadersButThisOne.length > 0) {","    return source;","  }","  // Skip .js files","  if (/\\.js$/.test(this.request)) {","    return source;","  }","","  // The following part renders the tempalte with lodash as aminimalistic loader","  //","  // Get templating options","  var options = loaderUtils.parseQuery(this.query);","  // Webpack 2 does not allow with() statements, which lodash templates use to unwrap","  // the parameters passed to the compiled template inside the scope. We therefore","  // need to unwrap them ourselves here. This is essentially what lodash does internally","  // To tell lodash it should not use with we set a variable","  var template = _.template(source, _.defaults(options, { variable: 'data' }));","  // All templateVariables which should be available","  // @see HtmlWebpackPlugin.prototype.executeTemplate","  var templateVariables = [","    'compilation',","    'webpack',","    'webpackConfig',","    'htmlWebpackPlugin'","  ];","  return 'var _ = require(' + loaderUtils.stringifyRequest(this, require.resolve('lodash')) + ');' +","    'module.exports = function (templateParams) {' +","      // Declare the template variables in the outer scope of the","      // lodash template to unwrap them","      templateVariables.map(function (variableName) {","        return 'var ' + variableName + ' = templateParams.' + variableName;","      }).join(';') + ';' +","      // Execute the lodash template","      'return (' + template.source + ')();' +","    '}';","};",""],"l":{"4":1,"5":1,"7":1,"8":0,"9":0,"11":0,"13":0,"16":0,"17":0,"20":0,"21":0,"27":0,"32":0,"35":0,"41":0,"46":0}}}